running egg_info
creating ../build/publisher_node/publisher_node.egg-info
writing ../build/publisher_node/publisher_node.egg-info/PKG-INFO
writing dependency_links to ../build/publisher_node/publisher_node.egg-info/dependency_links.txt
writing entry points to ../build/publisher_node/publisher_node.egg-info/entry_points.txt
writing requirements to ../build/publisher_node/publisher_node.egg-info/requires.txt
writing top-level names to ../build/publisher_node/publisher_node.egg-info/top_level.txt
writing manifest file '../build/publisher_node/publisher_node.egg-info/SOURCES.txt'
reading manifest file '../build/publisher_node/publisher_node.egg-info/SOURCES.txt'
writing manifest file '../build/publisher_node/publisher_node.egg-info/SOURCES.txt'
running build
running build_py
creating /home/ubuntu/ros2_ws/src/build/publisher_node/build
creating /home/ubuntu/ros2_ws/src/build/publisher_node/build/lib
creating /home/ubuntu/ros2_ws/src/build/publisher_node/build/lib/publisher_node
copying publisher_node/__init__.py -> /home/ubuntu/ros2_ws/src/build/publisher_node/build/lib/publisher_node
running install
running install_lib
creating /home/ubuntu/ros2_ws/src/install/publisher_node/lib/python3.10/site-packages/publisher_node
copying /home/ubuntu/ros2_ws/src/build/publisher_node/build/lib/publisher_node/__init__.py -> /home/ubuntu/ros2_ws/src/install/publisher_node/lib/python3.10/site-packages/publisher_node
byte-compiling /home/ubuntu/ros2_ws/src/install/publisher_node/lib/python3.10/site-packages/publisher_node/__init__.py to __init__.cpython-310.pyc
running install_data
creating /home/ubuntu/ros2_ws/src/install/publisher_node/share/ament_index
creating /home/ubuntu/ros2_ws/src/install/publisher_node/share/ament_index/resource_index
creating /home/ubuntu/ros2_ws/src/install/publisher_node/share/ament_index/resource_index/packages
copying resource/publisher_node -> /home/ubuntu/ros2_ws/src/install/publisher_node/share/ament_index/resource_index/packages
copying package.xml -> /home/ubuntu/ros2_ws/src/install/publisher_node/share/publisher_node
running install_egg_info
Copying ../build/publisher_node/publisher_node.egg-info to /home/ubuntu/ros2_ws/src/install/publisher_node/lib/python3.10/site-packages/publisher_node-0.0.0-py3.10.egg-info
running install_scripts
writing list of installed files to '/home/ubuntu/ros2_ws/src/build/publisher_node/install.log'
