[0.799s] Invoking command in '/home/ubuntu/ros2_ws/src/publisher_node': PYTHONPATH=/home/ubuntu/ros2_ws/src/build/publisher_node/prefix_override:/usr/lib/python3/dist-packages/colcon_core/task/python/colcon_distutils_commands:/home/ubuntu/ros2_ws/src/install/publisher_node/lib/python3.10/site-packages:${PYTHONPATH} /usr/bin/python3 -W ignore:setup.py install is deprecated -W ignore:easy_install command is deprecated setup.py egg_info --egg-base ../build/publisher_node build --build-base /home/ubuntu/ros2_ws/src/build/publisher_node/build install --record /home/ubuntu/ros2_ws/src/build/publisher_node/install.log --single-version-externally-managed install_data
[1.062s] running egg_info
[1.064s] creating ../build/publisher_node/publisher_node.egg-info
[1.065s] writing ../build/publisher_node/publisher_node.egg-info/PKG-INFO
[1.069s] writing dependency_links to ../build/publisher_node/publisher_node.egg-info/dependency_links.txt
[1.071s] writing entry points to ../build/publisher_node/publisher_node.egg-info/entry_points.txt
[1.072s] writing requirements to ../build/publisher_node/publisher_node.egg-info/requires.txt
[1.073s] writing top-level names to ../build/publisher_node/publisher_node.egg-info/top_level.txt
[1.075s] writing manifest file '../build/publisher_node/publisher_node.egg-info/SOURCES.txt'
[1.076s] reading manifest file '../build/publisher_node/publisher_node.egg-info/SOURCES.txt'
[1.077s] writing manifest file '../build/publisher_node/publisher_node.egg-info/SOURCES.txt'
[1.078s] running build
[1.079s] running build_py
[1.080s] creating /home/ubuntu/ros2_ws/src/build/publisher_node/build
[1.081s] creating /home/ubuntu/ros2_ws/src/build/publisher_node/build/lib
[1.082s] creating /home/ubuntu/ros2_ws/src/build/publisher_node/build/lib/publisher_node
[1.089s] copying publisher_node/__init__.py -> /home/ubuntu/ros2_ws/src/build/publisher_node/build/lib/publisher_node
[1.102s] running install
[1.103s] running install_lib
[1.105s] creating /home/ubuntu/ros2_ws/src/install/publisher_node/lib/python3.10/site-packages/publisher_node
[1.106s] copying /home/ubuntu/ros2_ws/src/build/publisher_node/build/lib/publisher_node/__init__.py -> /home/ubuntu/ros2_ws/src/install/publisher_node/lib/python3.10/site-packages/publisher_node
[1.110s] byte-compiling /home/ubuntu/ros2_ws/src/install/publisher_node/lib/python3.10/site-packages/publisher_node/__init__.py to __init__.cpython-310.pyc
[1.112s] running install_data
[1.115s] creating /home/ubuntu/ros2_ws/src/install/publisher_node/share/ament_index
[1.116s] creating /home/ubuntu/ros2_ws/src/install/publisher_node/share/ament_index/resource_index
[1.116s] creating /home/ubuntu/ros2_ws/src/install/publisher_node/share/ament_index/resource_index/packages
[1.118s] copying resource/publisher_node -> /home/ubuntu/ros2_ws/src/install/publisher_node/share/ament_index/resource_index/packages
[1.120s] copying package.xml -> /home/ubuntu/ros2_ws/src/install/publisher_node/share/publisher_node
[1.123s] running install_egg_info
[1.129s] Copying ../build/publisher_node/publisher_node.egg-info to /home/ubuntu/ros2_ws/src/install/publisher_node/lib/python3.10/site-packages/publisher_node-0.0.0-py3.10.egg-info
[1.173s] running install_scripts
[1.211s] writing list of installed files to '/home/ubuntu/ros2_ws/src/build/publisher_node/install.log'
[1.264s] Invoked command in '/home/ubuntu/ros2_ws/src/publisher_node' returned '0': PYTHONPATH=/home/ubuntu/ros2_ws/src/build/publisher_node/prefix_override:/usr/lib/python3/dist-packages/colcon_core/task/python/colcon_distutils_commands:/home/ubuntu/ros2_ws/src/install/publisher_node/lib/python3.10/site-packages:${PYTHONPATH} /usr/bin/python3 -W ignore:setup.py install is deprecated -W ignore:easy_install command is deprecated setup.py egg_info --egg-base ../build/publisher_node build --build-base /home/ubuntu/ros2_ws/src/build/publisher_node/build install --record /home/ubuntu/ros2_ws/src/build/publisher_node/install.log --single-version-externally-managed install_data
