[0.514s] Invoking command in '/home/ubuntu/ros2_ws/src/publisher_node': PYTHONPATH=/home/ubuntu/ros2_ws/src/build/publisher_node/prefix_override:/usr/lib/python3/dist-packages/colcon_core/task/python/colcon_distutils_commands:/home/ubuntu/ros2_ws/src/install/publisher_node/lib/python3.10/site-packages:${PYTHONPATH} /usr/bin/python3 -W ignore:setup.py install is deprecated -W ignore:easy_install command is deprecated setup.py egg_info --egg-base ../build/publisher_node build --build-base /home/ubuntu/ros2_ws/src/build/publisher_node/build install --record /home/ubuntu/ros2_ws/src/build/publisher_node/install.log --single-version-externally-managed install_data
[0.667s] running egg_info
[0.667s] writing ../build/publisher_node/publisher_node.egg-info/PKG-INFO
[0.668s] writing dependency_links to ../build/publisher_node/publisher_node.egg-info/dependency_links.txt
[0.669s] writing entry points to ../build/publisher_node/publisher_node.egg-info/entry_points.txt
[0.670s] writing requirements to ../build/publisher_node/publisher_node.egg-info/requires.txt
[0.671s] writing top-level names to ../build/publisher_node/publisher_node.egg-info/top_level.txt
[0.674s] reading manifest file '../build/publisher_node/publisher_node.egg-info/SOURCES.txt'
[0.676s] writing manifest file '../build/publisher_node/publisher_node.egg-info/SOURCES.txt'
[0.676s] running build
[0.676s] running build_py
[0.677s] running install
[0.678s] running install_lib
[0.680s] running install_data
[0.681s] running install_egg_info
[0.683s] removing '/home/ubuntu/ros2_ws/src/install/publisher_node/lib/python3.10/site-packages/publisher_node-0.0.0-py3.10.egg-info' (and everything under it)
[0.685s] Copying ../build/publisher_node/publisher_node.egg-info to /home/ubuntu/ros2_ws/src/install/publisher_node/lib/python3.10/site-packages/publisher_node-0.0.0-py3.10.egg-info
[0.707s] running install_scripts
[0.722s] Installing publisher_node script to /home/ubuntu/ros2_ws/src/install/publisher_node/lib/publisher_node
[0.726s] writing list of installed files to '/home/ubuntu/ros2_ws/src/build/publisher_node/install.log'
[0.758s] Invoked command in '/home/ubuntu/ros2_ws/src/publisher_node' returned '0': PYTHONPATH=/home/ubuntu/ros2_ws/src/build/publisher_node/prefix_override:/usr/lib/python3/dist-packages/colcon_core/task/python/colcon_distutils_commands:/home/ubuntu/ros2_ws/src/install/publisher_node/lib/python3.10/site-packages:${PYTHONPATH} /usr/bin/python3 -W ignore:setup.py install is deprecated -W ignore:easy_install command is deprecated setup.py egg_info --egg-base ../build/publisher_node build --build-base /home/ubuntu/ros2_ws/src/build/publisher_node/build install --record /home/ubuntu/ros2_ws/src/build/publisher_node/install.log --single-version-externally-managed install_data
