[0.731s] Invoking command in '/home/ubuntu/ros2_ws/src/publisher_node': PYTHONPATH=/home/ubuntu/ros2_ws/src/build/publisher_node/prefix_override:/usr/lib/python3/dist-packages/colcon_core/task/python/colcon_distutils_commands:/home/ubuntu/ros2_ws/src/install/publisher_node/lib/python3.10/site-packages:${PYTHONPATH} /usr/bin/python3 -W ignore:setup.py install is deprecated -W ignore:easy_install command is deprecated setup.py egg_info --egg-base ../build/publisher_node build --build-base /home/ubuntu/ros2_ws/src/build/publisher_node/build install --record /home/ubuntu/ros2_ws/src/build/publisher_node/install.log --single-version-externally-managed install_data
[0.888s] running egg_info
[0.888s] writing ../build/publisher_node/publisher_node.egg-info/PKG-INFO
[0.889s] writing dependency_links to ../build/publisher_node/publisher_node.egg-info/dependency_links.txt
[0.890s] writing entry points to ../build/publisher_node/publisher_node.egg-info/entry_points.txt
[0.890s] writing requirements to ../build/publisher_node/publisher_node.egg-info/requires.txt
[0.891s] writing top-level names to ../build/publisher_node/publisher_node.egg-info/top_level.txt
[0.897s] reading manifest file '../build/publisher_node/publisher_node.egg-info/SOURCES.txt'
[0.899s] writing manifest file '../build/publisher_node/publisher_node.egg-info/SOURCES.txt'
[0.900s] running build
[0.901s] running build_py
[0.903s] running install
[0.903s] running install_lib
[0.905s] running install_data
[0.905s] running install_egg_info
[0.907s] removing '/home/ubuntu/ros2_ws/src/install/publisher_node/lib/python3.10/site-packages/publisher_node-0.0.0-py3.10.egg-info' (and everything under it)
[0.916s] Copying ../build/publisher_node/publisher_node.egg-info to /home/ubuntu/ros2_ws/src/install/publisher_node/lib/python3.10/site-packages/publisher_node-0.0.0-py3.10.egg-info
[0.954s] running install_scripts
[0.972s] Installing publisher_node script to /home/ubuntu/ros2_ws/src/install/publisher_node/lib/publisher_node
[0.974s] writing list of installed files to '/home/ubuntu/ros2_ws/src/build/publisher_node/install.log'
[1.016s] Invoked command in '/home/ubuntu/ros2_ws/src/publisher_node' returned '0': PYTHONPATH=/home/ubuntu/ros2_ws/src/build/publisher_node/prefix_override:/usr/lib/python3/dist-packages/colcon_core/task/python/colcon_distutils_commands:/home/ubuntu/ros2_ws/src/install/publisher_node/lib/python3.10/site-packages:${PYTHONPATH} /usr/bin/python3 -W ignore:setup.py install is deprecated -W ignore:easy_install command is deprecated setup.py egg_info --egg-base ../build/publisher_node build --build-base /home/ubuntu/ros2_ws/src/build/publisher_node/build install --record /home/ubuntu/ros2_ws/src/build/publisher_node/install.log --single-version-externally-managed install_data
