[0.080s] DEBUG:colcon:Command line arguments: ['/usr/bin/colcon', 'build']
[0.080s] DEBUG:colcon:Parsed command line arguments: Namespace(log_base=None, log_level=None, verb_name='build', build_base='build', install_base='install', merge_install=False, symlink_install=False, test_result_base=None, continue_on_error=False, executor='parallel', parallel_workers=8, event_handlers=None, ignore_user_meta=False, metas=['./colcon.meta'], base_paths=['.'], packages_ignore=None, packages_ignore_regex=None, paths=None, packages_up_to=None, packages_up_to_regex=None, packages_above=None, packages_above_and_dependencies=None, packages_above_depth=None, packages_select_by_dep=None, packages_skip_by_dep=None, packages_skip_up_to=None, packages_select_build_failed=False, packages_skip_build_finished=False, packages_select_test_failures=False, packages_skip_test_passed=False, packages_select=None, packages_skip=None, packages_select_regex=None, packages_skip_regex=None, packages_start=None, packages_end=None, allow_overriding=[], cmake_args=None, cmake_target=None, cmake_target_skip_unavailable=False, cmake_clean_cache=False, cmake_clean_first=False, cmake_force_configure=False, ament_cmake_args=None, catkin_cmake_args=None, catkin_skip_building_tests=False, verb_parser=<colcon_defaults.argument_parser.defaults.DefaultArgumentsDecorator object at 0xffff9a944130>, verb_extension=<colcon_core.verb.build.BuildVerb object at 0xffff9a90fbe0>, main=<bound method BuildVerb.main of <colcon_core.verb.build.BuildVerb object at 0xffff9a90fbe0>>)
[0.188s] Level 1:colcon.colcon_core.package_discovery:discover_packages(colcon_meta) check parameters
[0.188s] Level 1:colcon.colcon_core.package_discovery:discover_packages(recursive) check parameters
[0.188s] Level 1:colcon.colcon_core.package_discovery:discover_packages(ignore) check parameters
[0.188s] Level 1:colcon.colcon_core.package_discovery:discover_packages(path) check parameters
[0.188s] Level 1:colcon.colcon_core.package_discovery:discover_packages(colcon_meta) discover
[0.188s] Level 1:colcon.colcon_core.package_discovery:discover_packages(recursive) discover
[0.188s] INFO:colcon.colcon_core.package_discovery:Crawling recursively for packages in '/home/ubuntu/ros2_ws/src'
[0.188s] Level 1:colcon.colcon_core.package_identification:_identify(.) by extensions ['ignore', 'ignore_ament_install']
[0.189s] Level 1:colcon.colcon_core.package_identification:_identify(.) by extension 'ignore'
[0.189s] Level 1:colcon.colcon_core.package_identification:_identify(.) by extension 'ignore_ament_install'
[0.189s] Level 1:colcon.colcon_core.package_identification:_identify(.) by extensions ['colcon_pkg']
[0.189s] Level 1:colcon.colcon_core.package_identification:_identify(.) by extension 'colcon_pkg'
[0.189s] Level 1:colcon.colcon_core.package_identification:_identify(.) by extensions ['colcon_meta']
[0.189s] Level 1:colcon.colcon_core.package_identification:_identify(.) by extension 'colcon_meta'
[0.189s] Level 1:colcon.colcon_core.package_identification:_identify(.) by extensions ['ros']
[0.189s] Level 1:colcon.colcon_core.package_identification:_identify(.) by extension 'ros'
[0.197s] Level 1:colcon.colcon_core.package_identification:_identify(.) by extensions ['cmake', 'python']
[0.197s] Level 1:colcon.colcon_core.package_identification:_identify(.) by extension 'cmake'
[0.197s] Level 1:colcon.colcon_core.package_identification:_identify(.) by extension 'python'
[0.197s] Level 1:colcon.colcon_core.package_identification:_identify(.) by extensions ['python_setup_py']
[0.198s] Level 1:colcon.colcon_core.package_identification:_identify(.) by extension 'python_setup_py'
[0.198s] Level 1:colcon.colcon_core.package_identification:_identify(build) by extensions ['ignore', 'ignore_ament_install']
[0.198s] Level 1:colcon.colcon_core.package_identification:_identify(build) by extension 'ignore'
[0.198s] Level 1:colcon.colcon_core.package_identification:_identify(build) ignored
[0.198s] Level 1:colcon.colcon_core.package_identification:_identify(install) by extensions ['ignore', 'ignore_ament_install']
[0.199s] Level 1:colcon.colcon_core.package_identification:_identify(install) by extension 'ignore'
[0.199s] Level 1:colcon.colcon_core.package_identification:_identify(install) ignored
[0.199s] Level 1:colcon.colcon_core.package_identification:_identify(log) by extensions ['ignore', 'ignore_ament_install']
[0.199s] Level 1:colcon.colcon_core.package_identification:_identify(log) by extension 'ignore'
[0.199s] Level 1:colcon.colcon_core.package_identification:_identify(log) ignored
[0.200s] Level 1:colcon.colcon_core.package_identification:_identify(my_pkg) by extensions ['ignore', 'ignore_ament_install']
[0.200s] Level 1:colcon.colcon_core.package_identification:_identify(my_pkg) by extension 'ignore'
[0.200s] Level 1:colcon.colcon_core.package_identification:_identify(my_pkg) by extension 'ignore_ament_install'
[0.200s] Level 1:colcon.colcon_core.package_identification:_identify(my_pkg) by extensions ['colcon_pkg']
[0.200s] Level 1:colcon.colcon_core.package_identification:_identify(my_pkg) by extension 'colcon_pkg'
[0.200s] Level 1:colcon.colcon_core.package_identification:_identify(my_pkg) by extensions ['colcon_meta']
[0.200s] Level 1:colcon.colcon_core.package_identification:_identify(my_pkg) by extension 'colcon_meta'
[0.200s] Level 1:colcon.colcon_core.package_identification:_identify(my_pkg) by extensions ['ros']
[0.200s] Level 1:colcon.colcon_core.package_identification:_identify(my_pkg) by extension 'ros'
[0.202s] DEBUG:colcon.colcon_core.package_identification:Package 'my_pkg' with type 'ros.ament_python' and name 'my_pkg'
[0.202s] Level 1:colcon.colcon_core.package_identification:_identify(pub_sub_bringup) by extensions ['ignore', 'ignore_ament_install']
[0.202s] Level 1:colcon.colcon_core.package_identification:_identify(pub_sub_bringup) by extension 'ignore'
[0.202s] Level 1:colcon.colcon_core.package_identification:_identify(pub_sub_bringup) by extension 'ignore_ament_install'
[0.203s] Level 1:colcon.colcon_core.package_identification:_identify(pub_sub_bringup) by extensions ['colcon_pkg']
[0.203s] Level 1:colcon.colcon_core.package_identification:_identify(pub_sub_bringup) by extension 'colcon_pkg'
[0.203s] Level 1:colcon.colcon_core.package_identification:_identify(pub_sub_bringup) by extensions ['colcon_meta']
[0.203s] Level 1:colcon.colcon_core.package_identification:_identify(pub_sub_bringup) by extension 'colcon_meta'
[0.203s] Level 1:colcon.colcon_core.package_identification:_identify(pub_sub_bringup) by extensions ['ros']
[0.203s] Level 1:colcon.colcon_core.package_identification:_identify(pub_sub_bringup) by extension 'ros'
[0.204s] DEBUG:colcon.colcon_core.package_identification:Package 'pub_sub_bringup' with type 'ros.ament_python' and name 'pub_sub_bringup'
[0.204s] Level 1:colcon.colcon_core.package_identification:_identify(publisher_node) by extensions ['ignore', 'ignore_ament_install']
[0.204s] Level 1:colcon.colcon_core.package_identification:_identify(publisher_node) by extension 'ignore'
[0.204s] Level 1:colcon.colcon_core.package_identification:_identify(publisher_node) by extension 'ignore_ament_install'
[0.204s] Level 1:colcon.colcon_core.package_identification:_identify(publisher_node) by extensions ['colcon_pkg']
[0.204s] Level 1:colcon.colcon_core.package_identification:_identify(publisher_node) by extension 'colcon_pkg'
[0.204s] Level 1:colcon.colcon_core.package_identification:_identify(publisher_node) by extensions ['colcon_meta']
[0.204s] Level 1:colcon.colcon_core.package_identification:_identify(publisher_node) by extension 'colcon_meta'
[0.205s] Level 1:colcon.colcon_core.package_identification:_identify(publisher_node) by extensions ['ros']
[0.205s] Level 1:colcon.colcon_core.package_identification:_identify(publisher_node) by extension 'ros'
[0.205s] DEBUG:colcon.colcon_core.package_identification:Package 'publisher_node' with type 'ros.ament_python' and name 'publisher_node'
[0.205s] Level 1:colcon.colcon_core.package_identification:_identify(subscriber_node) by extensions ['ignore', 'ignore_ament_install']
[0.205s] Level 1:colcon.colcon_core.package_identification:_identify(subscriber_node) by extension 'ignore'
[0.206s] Level 1:colcon.colcon_core.package_identification:_identify(subscriber_node) by extension 'ignore_ament_install'
[0.206s] Level 1:colcon.colcon_core.package_identification:_identify(subscriber_node) by extensions ['colcon_pkg']
[0.206s] Level 1:colcon.colcon_core.package_identification:_identify(subscriber_node) by extension 'colcon_pkg'
[0.206s] Level 1:colcon.colcon_core.package_identification:_identify(subscriber_node) by extensions ['colcon_meta']
[0.206s] Level 1:colcon.colcon_core.package_identification:_identify(subscriber_node) by extension 'colcon_meta'
[0.206s] Level 1:colcon.colcon_core.package_identification:_identify(subscriber_node) by extensions ['ros']
[0.206s] Level 1:colcon.colcon_core.package_identification:_identify(subscriber_node) by extension 'ros'
[0.208s] DEBUG:colcon.colcon_core.package_identification:Package 'subscriber_node' with type 'ros.ament_python' and name 'subscriber_node'
[0.208s] Level 1:colcon.colcon_core.package_discovery:discover_packages(recursive) using defaults
[0.208s] Level 1:colcon.colcon_core.package_discovery:discover_packages(ignore) discover
[0.208s] Level 1:colcon.colcon_core.package_discovery:discover_packages(ignore) using defaults
[0.208s] Level 1:colcon.colcon_core.package_discovery:discover_packages(path) discover
[0.208s] Level 1:colcon.colcon_core.package_discovery:discover_packages(path) using defaults
[0.222s] Level 1:colcon.colcon_core.package_discovery:discover_packages(prefix_path) check parameters
[0.222s] Level 1:colcon.colcon_core.package_discovery:discover_packages(prefix_path) discover
[0.225s] DEBUG:colcon.colcon_installed_package_information.package_discovery:Found 3 installed packages in /home/ubuntu/ros2_ws/src/install
[0.226s] DEBUG:colcon.colcon_installed_package_information.package_discovery:Found 272 installed packages in /opt/ros/humble
[0.231s] Level 1:colcon.colcon_core.package_discovery:discover_packages(prefix_path) using defaults
[0.257s] Level 5:colcon.colcon_core.verb:set package 'my_pkg' build argument 'cmake_args' from command line to 'None'
[0.257s] Level 5:colcon.colcon_core.verb:set package 'my_pkg' build argument 'cmake_target' from command line to 'None'
[0.257s] Level 5:colcon.colcon_core.verb:set package 'my_pkg' build argument 'cmake_target_skip_unavailable' from command line to 'False'
[0.257s] Level 5:colcon.colcon_core.verb:set package 'my_pkg' build argument 'cmake_clean_cache' from command line to 'False'
[0.257s] Level 5:colcon.colcon_core.verb:set package 'my_pkg' build argument 'cmake_clean_first' from command line to 'False'
[0.257s] Level 5:colcon.colcon_core.verb:set package 'my_pkg' build argument 'cmake_force_configure' from command line to 'False'
[0.257s] Level 5:colcon.colcon_core.verb:set package 'my_pkg' build argument 'ament_cmake_args' from command line to 'None'
[0.257s] Level 5:colcon.colcon_core.verb:set package 'my_pkg' build argument 'catkin_cmake_args' from command line to 'None'
[0.257s] Level 5:colcon.colcon_core.verb:set package 'my_pkg' build argument 'catkin_skip_building_tests' from command line to 'False'
[0.257s] DEBUG:colcon.colcon_core.verb:Building package 'my_pkg' with the following arguments: {'ament_cmake_args': None, 'build_base': '/home/ubuntu/ros2_ws/src/build/my_pkg', 'catkin_cmake_args': None, 'catkin_skip_building_tests': False, 'cmake_args': None, 'cmake_clean_cache': False, 'cmake_clean_first': False, 'cmake_force_configure': False, 'cmake_target': None, 'cmake_target_skip_unavailable': False, 'install_base': '/home/ubuntu/ros2_ws/src/install/my_pkg', 'merge_install': False, 'path': '/home/ubuntu/ros2_ws/src/my_pkg', 'symlink_install': False, 'test_result_base': None}
[0.257s] Level 5:colcon.colcon_core.verb:set package 'publisher_node' build argument 'cmake_args' from command line to 'None'
[0.257s] Level 5:colcon.colcon_core.verb:set package 'publisher_node' build argument 'cmake_target' from command line to 'None'
[0.257s] Level 5:colcon.colcon_core.verb:set package 'publisher_node' build argument 'cmake_target_skip_unavailable' from command line to 'False'
[0.257s] Level 5:colcon.colcon_core.verb:set package 'publisher_node' build argument 'cmake_clean_cache' from command line to 'False'
[0.257s] Level 5:colcon.colcon_core.verb:set package 'publisher_node' build argument 'cmake_clean_first' from command line to 'False'
[0.258s] Level 5:colcon.colcon_core.verb:set package 'publisher_node' build argument 'cmake_force_configure' from command line to 'False'
[0.258s] Level 5:colcon.colcon_core.verb:set package 'publisher_node' build argument 'ament_cmake_args' from command line to 'None'
[0.258s] Level 5:colcon.colcon_core.verb:set package 'publisher_node' build argument 'catkin_cmake_args' from command line to 'None'
[0.258s] Level 5:colcon.colcon_core.verb:set package 'publisher_node' build argument 'catkin_skip_building_tests' from command line to 'False'
[0.258s] DEBUG:colcon.colcon_core.verb:Building package 'publisher_node' with the following arguments: {'ament_cmake_args': None, 'build_base': '/home/ubuntu/ros2_ws/src/build/publisher_node', 'catkin_cmake_args': None, 'catkin_skip_building_tests': False, 'cmake_args': None, 'cmake_clean_cache': False, 'cmake_clean_first': False, 'cmake_force_configure': False, 'cmake_target': None, 'cmake_target_skip_unavailable': False, 'install_base': '/home/ubuntu/ros2_ws/src/install/publisher_node', 'merge_install': False, 'path': '/home/ubuntu/ros2_ws/src/publisher_node', 'symlink_install': False, 'test_result_base': None}
[0.258s] Level 5:colcon.colcon_core.verb:set package 'subscriber_node' build argument 'cmake_args' from command line to 'None'
[0.258s] Level 5:colcon.colcon_core.verb:set package 'subscriber_node' build argument 'cmake_target' from command line to 'None'
[0.258s] Level 5:colcon.colcon_core.verb:set package 'subscriber_node' build argument 'cmake_target_skip_unavailable' from command line to 'False'
[0.258s] Level 5:colcon.colcon_core.verb:set package 'subscriber_node' build argument 'cmake_clean_cache' from command line to 'False'
[0.258s] Level 5:colcon.colcon_core.verb:set package 'subscriber_node' build argument 'cmake_clean_first' from command line to 'False'
[0.258s] Level 5:colcon.colcon_core.verb:set package 'subscriber_node' build argument 'cmake_force_configure' from command line to 'False'
[0.258s] Level 5:colcon.colcon_core.verb:set package 'subscriber_node' build argument 'ament_cmake_args' from command line to 'None'
[0.258s] Level 5:colcon.colcon_core.verb:set package 'subscriber_node' build argument 'catkin_cmake_args' from command line to 'None'
[0.258s] Level 5:colcon.colcon_core.verb:set package 'subscriber_node' build argument 'catkin_skip_building_tests' from command line to 'False'
[0.258s] DEBUG:colcon.colcon_core.verb:Building package 'subscriber_node' with the following arguments: {'ament_cmake_args': None, 'build_base': '/home/ubuntu/ros2_ws/src/build/subscriber_node', 'catkin_cmake_args': None, 'catkin_skip_building_tests': False, 'cmake_args': None, 'cmake_clean_cache': False, 'cmake_clean_first': False, 'cmake_force_configure': False, 'cmake_target': None, 'cmake_target_skip_unavailable': False, 'install_base': '/home/ubuntu/ros2_ws/src/install/subscriber_node', 'merge_install': False, 'path': '/home/ubuntu/ros2_ws/src/subscriber_node', 'symlink_install': False, 'test_result_base': None}
[0.258s] Level 5:colcon.colcon_core.verb:set package 'pub_sub_bringup' build argument 'cmake_args' from command line to 'None'
[0.259s] Level 5:colcon.colcon_core.verb:set package 'pub_sub_bringup' build argument 'cmake_target' from command line to 'None'
[0.259s] Level 5:colcon.colcon_core.verb:set package 'pub_sub_bringup' build argument 'cmake_target_skip_unavailable' from command line to 'False'
[0.259s] Level 5:colcon.colcon_core.verb:set package 'pub_sub_bringup' build argument 'cmake_clean_cache' from command line to 'False'
[0.259s] Level 5:colcon.colcon_core.verb:set package 'pub_sub_bringup' build argument 'cmake_clean_first' from command line to 'False'
[0.259s] Level 5:colcon.colcon_core.verb:set package 'pub_sub_bringup' build argument 'cmake_force_configure' from command line to 'False'
[0.259s] Level 5:colcon.colcon_core.verb:set package 'pub_sub_bringup' build argument 'ament_cmake_args' from command line to 'None'
[0.259s] Level 5:colcon.colcon_core.verb:set package 'pub_sub_bringup' build argument 'catkin_cmake_args' from command line to 'None'
[0.259s] Level 5:colcon.colcon_core.verb:set package 'pub_sub_bringup' build argument 'catkin_skip_building_tests' from command line to 'False'
[0.259s] DEBUG:colcon.colcon_core.verb:Building package 'pub_sub_bringup' with the following arguments: {'ament_cmake_args': None, 'build_base': '/home/ubuntu/ros2_ws/src/build/pub_sub_bringup', 'catkin_cmake_args': None, 'catkin_skip_building_tests': False, 'cmake_args': None, 'cmake_clean_cache': False, 'cmake_clean_first': False, 'cmake_force_configure': False, 'cmake_target': None, 'cmake_target_skip_unavailable': False, 'install_base': '/home/ubuntu/ros2_ws/src/install/pub_sub_bringup', 'merge_install': False, 'path': '/home/ubuntu/ros2_ws/src/pub_sub_bringup', 'symlink_install': False, 'test_result_base': None}
[0.259s] INFO:colcon.colcon_core.executor:Executing jobs using 'parallel' executor
[0.260s] DEBUG:colcon.colcon_parallel_executor.executor.parallel:run_until_complete
[0.260s] INFO:colcon.colcon_ros.task.ament_python.build:Building ROS package in '/home/ubuntu/ros2_ws/src/publisher_node' with build type 'ament_python'
[0.260s] Level 1:colcon.colcon_core.shell:create_environment_hook('publisher_node', 'ament_prefix_path')
[0.262s] INFO:colcon.colcon_core.plugin_system:Skipping extension 'colcon_core.shell.bat': Not used on non-Windows systems
[0.262s] INFO:colcon.colcon_core.shell:Creating environment hook '/home/ubuntu/ros2_ws/src/install/publisher_node/share/publisher_node/hook/ament_prefix_path.ps1'
[0.264s] INFO:colcon.colcon_core.shell:Creating environment descriptor '/home/ubuntu/ros2_ws/src/install/publisher_node/share/publisher_node/hook/ament_prefix_path.dsv'
[0.264s] INFO:colcon.colcon_core.shell:Creating environment hook '/home/ubuntu/ros2_ws/src/install/publisher_node/share/publisher_node/hook/ament_prefix_path.sh'
[0.265s] INFO:colcon.colcon_core.shell:Skip shell extension 'powershell' for command environment: Not usable outside of PowerShell
[0.265s] DEBUG:colcon.colcon_core.shell:Skip shell extension 'dsv' for command environment
[0.268s] INFO:colcon.colcon_ros.task.ament_python.build:Building ROS package in '/home/ubuntu/ros2_ws/src/subscriber_node' with build type 'ament_python'
[0.268s] Level 1:colcon.colcon_core.shell:create_environment_hook('subscriber_node', 'ament_prefix_path')
[0.269s] INFO:colcon.colcon_core.shell:Creating environment hook '/home/ubuntu/ros2_ws/src/install/subscriber_node/share/subscriber_node/hook/ament_prefix_path.ps1'
[0.269s] INFO:colcon.colcon_core.shell:Creating environment descriptor '/home/ubuntu/ros2_ws/src/install/subscriber_node/share/subscriber_node/hook/ament_prefix_path.dsv'
[0.270s] INFO:colcon.colcon_core.shell:Creating environment hook '/home/ubuntu/ros2_ws/src/install/subscriber_node/share/subscriber_node/hook/ament_prefix_path.sh'
[0.271s] INFO:colcon.colcon_core.shell:Skip shell extension 'powershell' for command environment: Not usable outside of PowerShell
[0.271s] DEBUG:colcon.colcon_core.shell:Skip shell extension 'dsv' for command environment
[0.275s] INFO:colcon.colcon_ros.task.ament_python.build:Building ROS package in '/home/ubuntu/ros2_ws/src/my_pkg' with build type 'ament_python'
[0.275s] Level 1:colcon.colcon_core.shell:create_environment_hook('my_pkg', 'ament_prefix_path')
[0.275s] INFO:colcon.colcon_core.shell:Creating environment hook '/home/ubuntu/ros2_ws/src/install/my_pkg/share/my_pkg/hook/ament_prefix_path.ps1'
[0.276s] INFO:colcon.colcon_core.shell:Creating environment descriptor '/home/ubuntu/ros2_ws/src/install/my_pkg/share/my_pkg/hook/ament_prefix_path.dsv'
[0.276s] INFO:colcon.colcon_core.shell:Creating environment hook '/home/ubuntu/ros2_ws/src/install/my_pkg/share/my_pkg/hook/ament_prefix_path.sh'
[0.277s] INFO:colcon.colcon_core.shell:Skip shell extension 'powershell' for command environment: Not usable outside of PowerShell
[0.277s] DEBUG:colcon.colcon_core.shell:Skip shell extension 'dsv' for command environment
[0.455s] INFO:colcon.colcon_core.task.python.build:Building Python package in '/home/ubuntu/ros2_ws/src/publisher_node'
[0.455s] INFO:colcon.colcon_core.shell:Skip shell extension 'powershell' for command environment: Not usable outside of PowerShell
[0.455s] DEBUG:colcon.colcon_core.shell:Skip shell extension 'dsv' for command environment
[0.600s] INFO:colcon.colcon_core.task.python.build:Building Python package in '/home/ubuntu/ros2_ws/src/subscriber_node'
[0.601s] INFO:colcon.colcon_core.shell:Skip shell extension 'powershell' for command environment: Not usable outside of PowerShell
[0.601s] DEBUG:colcon.colcon_core.shell:Skip shell extension 'dsv' for command environment
[0.733s] INFO:colcon.colcon_core.task.python.build:Building Python package in '/home/ubuntu/ros2_ws/src/my_pkg'
[0.733s] INFO:colcon.colcon_core.shell:Skip shell extension 'powershell' for command environment: Not usable outside of PowerShell
[0.733s] DEBUG:colcon.colcon_core.shell:Skip shell extension 'dsv' for command environment
[0.971s] DEBUG:colcon.colcon_core.event_handler.log_command:Invoking command in '/home/ubuntu/ros2_ws/src/subscriber_node': PYTHONPATH=/home/ubuntu/ros2_ws/src/build/subscriber_node/prefix_override:/usr/lib/python3/dist-packages/colcon_core/task/python/colcon_distutils_commands:/home/ubuntu/ros2_ws/src/install/subscriber_node/lib/python3.10/site-packages:${PYTHONPATH} /usr/bin/python3 -W ignore:setup.py install is deprecated -W ignore:easy_install command is deprecated setup.py egg_info --egg-base ../build/subscriber_node build --build-base /home/ubuntu/ros2_ws/src/build/subscriber_node/build install --record /home/ubuntu/ros2_ws/src/build/subscriber_node/install.log --single-version-externally-managed install_data
[0.977s] DEBUG:colcon.colcon_core.event_handler.log_command:Invoking command in '/home/ubuntu/ros2_ws/src/publisher_node': PYTHONPATH=/home/ubuntu/ros2_ws/src/build/publisher_node/prefix_override:/usr/lib/python3/dist-packages/colcon_core/task/python/colcon_distutils_commands:/home/ubuntu/ros2_ws/src/install/publisher_node/lib/python3.10/site-packages:${PYTHONPATH} /usr/bin/python3 -W ignore:setup.py install is deprecated -W ignore:easy_install command is deprecated setup.py egg_info --egg-base ../build/publisher_node build --build-base /home/ubuntu/ros2_ws/src/build/publisher_node/build install --record /home/ubuntu/ros2_ws/src/build/publisher_node/install.log --single-version-externally-managed install_data
[1.020s] DEBUG:colcon.colcon_core.event_handler.log_command:Invoking command in '/home/ubuntu/ros2_ws/src/my_pkg': PYTHONPATH=/home/ubuntu/ros2_ws/src/build/my_pkg/prefix_override:/usr/lib/python3/dist-packages/colcon_core/task/python/colcon_distutils_commands:/home/ubuntu/ros2_ws/src/install/my_pkg/lib/python3.10/site-packages:${PYTHONPATH} /usr/bin/python3 -W ignore:setup.py install is deprecated -W ignore:easy_install command is deprecated setup.py egg_info --egg-base ../build/my_pkg build --build-base /home/ubuntu/ros2_ws/src/build/my_pkg/build install --record /home/ubuntu/ros2_ws/src/build/my_pkg/install.log --single-version-externally-managed install_data
[1.248s] DEBUG:colcon.colcon_core.event_handler.log_command:Invoked command in '/home/ubuntu/ros2_ws/src/subscriber_node' returned '0': PYTHONPATH=/home/ubuntu/ros2_ws/src/build/subscriber_node/prefix_override:/usr/lib/python3/dist-packages/colcon_core/task/python/colcon_distutils_commands:/home/ubuntu/ros2_ws/src/install/subscriber_node/lib/python3.10/site-packages:${PYTHONPATH} /usr/bin/python3 -W ignore:setup.py install is deprecated -W ignore:easy_install command is deprecated setup.py egg_info --egg-base ../build/subscriber_node build --build-base /home/ubuntu/ros2_ws/src/build/subscriber_node/build install --record /home/ubuntu/ros2_ws/src/build/subscriber_node/install.log --single-version-externally-managed install_data
[1.251s] Level 1:colcon.colcon_core.environment:checking '/home/ubuntu/ros2_ws/src/install/subscriber_node' for CMake module files
[1.254s] Level 1:colcon.colcon_core.environment:checking '/home/ubuntu/ros2_ws/src/install/subscriber_node' for CMake config files
[1.265s] Level 1:colcon.colcon_core.environment:checking '/home/ubuntu/ros2_ws/src/install/subscriber_node/lib'
[1.267s] Level 1:colcon.colcon_core.environment:checking '/home/ubuntu/ros2_ws/src/install/subscriber_node/bin'
[1.268s] Level 1:colcon.colcon_core.environment:checking '/home/ubuntu/ros2_ws/src/install/subscriber_node/lib/pkgconfig/subscriber_node.pc'
[1.269s] Level 1:colcon.colcon_core.environment:checking '/home/ubuntu/ros2_ws/src/install/subscriber_node/lib/python3.10/site-packages'
[1.269s] Level 1:colcon.colcon_core.shell:create_environment_hook('subscriber_node', 'pythonpath')
[1.269s] INFO:colcon.colcon_core.shell:Creating environment hook '/home/ubuntu/ros2_ws/src/install/subscriber_node/share/subscriber_node/hook/pythonpath.ps1'
[1.270s] INFO:colcon.colcon_core.shell:Creating environment descriptor '/home/ubuntu/ros2_ws/src/install/subscriber_node/share/subscriber_node/hook/pythonpath.dsv'
[1.271s] INFO:colcon.colcon_core.shell:Creating environment hook '/home/ubuntu/ros2_ws/src/install/subscriber_node/share/subscriber_node/hook/pythonpath.sh'
[1.273s] Level 1:colcon.colcon_core.environment:checking '/home/ubuntu/ros2_ws/src/install/subscriber_node/bin'
[1.273s] Level 1:colcon.colcon_core.environment:create_environment_scripts_only(subscriber_node)
[1.274s] INFO:colcon.colcon_core.shell:Creating package script '/home/ubuntu/ros2_ws/src/install/subscriber_node/share/subscriber_node/package.ps1'
[1.280s] INFO:colcon.colcon_core.shell:Creating package descriptor '/home/ubuntu/ros2_ws/src/install/subscriber_node/share/subscriber_node/package.dsv'
[1.282s] INFO:colcon.colcon_core.shell:Creating package script '/home/ubuntu/ros2_ws/src/install/subscriber_node/share/subscriber_node/package.sh'
[1.286s] INFO:colcon.colcon_core.shell:Creating package script '/home/ubuntu/ros2_ws/src/install/subscriber_node/share/subscriber_node/package.bash'
[1.287s] INFO:colcon.colcon_core.shell:Creating package script '/home/ubuntu/ros2_ws/src/install/subscriber_node/share/subscriber_node/package.zsh'
[1.290s] Level 1:colcon.colcon_core.environment:create_file_with_runtime_dependencies(/home/ubuntu/ros2_ws/src/install/subscriber_node/share/colcon-core/packages/subscriber_node)
[1.292s] Level 1:colcon.colcon_core.environment:checking '/home/ubuntu/ros2_ws/src/install/publisher_node' for CMake module files
[1.294s] DEBUG:colcon.colcon_core.event_handler.log_command:Invoked command in '/home/ubuntu/ros2_ws/src/publisher_node' returned '0': PYTHONPATH=/home/ubuntu/ros2_ws/src/build/publisher_node/prefix_override:/usr/lib/python3/dist-packages/colcon_core/task/python/colcon_distutils_commands:/home/ubuntu/ros2_ws/src/install/publisher_node/lib/python3.10/site-packages:${PYTHONPATH} /usr/bin/python3 -W ignore:setup.py install is deprecated -W ignore:easy_install command is deprecated setup.py egg_info --egg-base ../build/publisher_node build --build-base /home/ubuntu/ros2_ws/src/build/publisher_node/build install --record /home/ubuntu/ros2_ws/src/build/publisher_node/install.log --single-version-externally-managed install_data
[1.295s] Level 1:colcon.colcon_core.environment:checking '/home/ubuntu/ros2_ws/src/install/publisher_node' for CMake config files
[1.299s] Level 1:colcon.colcon_core.environment:checking '/home/ubuntu/ros2_ws/src/install/publisher_node/lib'
[1.299s] Level 1:colcon.colcon_core.environment:checking '/home/ubuntu/ros2_ws/src/install/publisher_node/bin'
[1.299s] Level 1:colcon.colcon_core.environment:checking '/home/ubuntu/ros2_ws/src/install/publisher_node/lib/pkgconfig/publisher_node.pc'
[1.299s] Level 1:colcon.colcon_core.environment:checking '/home/ubuntu/ros2_ws/src/install/publisher_node/lib/python3.10/site-packages'
[1.299s] Level 1:colcon.colcon_core.shell:create_environment_hook('publisher_node', 'pythonpath')
[1.299s] INFO:colcon.colcon_core.shell:Creating environment hook '/home/ubuntu/ros2_ws/src/install/publisher_node/share/publisher_node/hook/pythonpath.ps1'
[1.300s] INFO:colcon.colcon_core.shell:Creating environment descriptor '/home/ubuntu/ros2_ws/src/install/publisher_node/share/publisher_node/hook/pythonpath.dsv'
[1.300s] INFO:colcon.colcon_core.shell:Creating environment hook '/home/ubuntu/ros2_ws/src/install/publisher_node/share/publisher_node/hook/pythonpath.sh'
[1.301s] Level 1:colcon.colcon_core.environment:checking '/home/ubuntu/ros2_ws/src/install/publisher_node/bin'
[1.301s] Level 1:colcon.colcon_core.environment:create_environment_scripts_only(publisher_node)
[1.301s] INFO:colcon.colcon_core.shell:Creating package script '/home/ubuntu/ros2_ws/src/install/publisher_node/share/publisher_node/package.ps1'
[1.301s] INFO:colcon.colcon_core.shell:Creating package descriptor '/home/ubuntu/ros2_ws/src/install/publisher_node/share/publisher_node/package.dsv'
[1.302s] INFO:colcon.colcon_core.shell:Creating package script '/home/ubuntu/ros2_ws/src/install/publisher_node/share/publisher_node/package.sh'
[1.302s] INFO:colcon.colcon_core.shell:Creating package script '/home/ubuntu/ros2_ws/src/install/publisher_node/share/publisher_node/package.bash'
[1.303s] INFO:colcon.colcon_core.shell:Creating package script '/home/ubuntu/ros2_ws/src/install/publisher_node/share/publisher_node/package.zsh'
[1.303s] Level 1:colcon.colcon_core.environment:create_file_with_runtime_dependencies(/home/ubuntu/ros2_ws/src/install/publisher_node/share/colcon-core/packages/publisher_node)
[1.303s] INFO:colcon.colcon_ros.task.ament_python.build:Building ROS package in '/home/ubuntu/ros2_ws/src/pub_sub_bringup' with build type 'ament_python'
[1.303s] Level 1:colcon.colcon_core.shell:create_environment_hook('pub_sub_bringup', 'ament_prefix_path')
[1.304s] INFO:colcon.colcon_core.shell:Creating environment hook '/home/ubuntu/ros2_ws/src/install/pub_sub_bringup/share/pub_sub_bringup/hook/ament_prefix_path.ps1'
[1.306s] INFO:colcon.colcon_core.shell:Creating environment descriptor '/home/ubuntu/ros2_ws/src/install/pub_sub_bringup/share/pub_sub_bringup/hook/ament_prefix_path.dsv'
[1.307s] INFO:colcon.colcon_core.shell:Creating environment hook '/home/ubuntu/ros2_ws/src/install/pub_sub_bringup/share/pub_sub_bringup/hook/ament_prefix_path.sh'
[1.307s] INFO:colcon.colcon_core.shell:Skip shell extension 'powershell' for command environment: Not usable outside of PowerShell
[1.307s] DEBUG:colcon.colcon_core.shell:Skip shell extension 'dsv' for command environment
[1.312s] Level 1:colcon.colcon_core.environment:checking '/home/ubuntu/ros2_ws/src/install/my_pkg' for CMake module files
[1.312s] DEBUG:colcon.colcon_core.event_handler.log_command:Invoked command in '/home/ubuntu/ros2_ws/src/my_pkg' returned '0': PYTHONPATH=/home/ubuntu/ros2_ws/src/build/my_pkg/prefix_override:/usr/lib/python3/dist-packages/colcon_core/task/python/colcon_distutils_commands:/home/ubuntu/ros2_ws/src/install/my_pkg/lib/python3.10/site-packages:${PYTHONPATH} /usr/bin/python3 -W ignore:setup.py install is deprecated -W ignore:easy_install command is deprecated setup.py egg_info --egg-base ../build/my_pkg build --build-base /home/ubuntu/ros2_ws/src/build/my_pkg/build install --record /home/ubuntu/ros2_ws/src/build/my_pkg/install.log --single-version-externally-managed install_data
[1.314s] Level 1:colcon.colcon_core.environment:checking '/home/ubuntu/ros2_ws/src/install/my_pkg' for CMake config files
[1.317s] Level 1:colcon.colcon_core.environment:checking '/home/ubuntu/ros2_ws/src/install/my_pkg/lib'
[1.317s] Level 1:colcon.colcon_core.environment:checking '/home/ubuntu/ros2_ws/src/install/my_pkg/bin'
[1.317s] Level 1:colcon.colcon_core.environment:checking '/home/ubuntu/ros2_ws/src/install/my_pkg/lib/pkgconfig/my_pkg.pc'
[1.317s] Level 1:colcon.colcon_core.environment:checking '/home/ubuntu/ros2_ws/src/install/my_pkg/lib/python3.10/site-packages'
[1.317s] Level 1:colcon.colcon_core.shell:create_environment_hook('my_pkg', 'pythonpath')
[1.317s] INFO:colcon.colcon_core.shell:Creating environment hook '/home/ubuntu/ros2_ws/src/install/my_pkg/share/my_pkg/hook/pythonpath.ps1'
[1.318s] INFO:colcon.colcon_core.shell:Creating environment descriptor '/home/ubuntu/ros2_ws/src/install/my_pkg/share/my_pkg/hook/pythonpath.dsv'
[1.318s] INFO:colcon.colcon_core.shell:Creating environment hook '/home/ubuntu/ros2_ws/src/install/my_pkg/share/my_pkg/hook/pythonpath.sh'
[1.319s] Level 1:colcon.colcon_core.environment:checking '/home/ubuntu/ros2_ws/src/install/my_pkg/bin'
[1.319s] Level 1:colcon.colcon_core.environment:create_environment_scripts_only(my_pkg)
[1.319s] INFO:colcon.colcon_core.shell:Creating package script '/home/ubuntu/ros2_ws/src/install/my_pkg/share/my_pkg/package.ps1'
[1.319s] INFO:colcon.colcon_core.shell:Creating package descriptor '/home/ubuntu/ros2_ws/src/install/my_pkg/share/my_pkg/package.dsv'
[1.320s] INFO:colcon.colcon_core.shell:Creating package script '/home/ubuntu/ros2_ws/src/install/my_pkg/share/my_pkg/package.sh'
[1.320s] INFO:colcon.colcon_core.shell:Creating package script '/home/ubuntu/ros2_ws/src/install/my_pkg/share/my_pkg/package.bash'
[1.320s] INFO:colcon.colcon_core.shell:Creating package script '/home/ubuntu/ros2_ws/src/install/my_pkg/share/my_pkg/package.zsh'
[1.321s] Level 1:colcon.colcon_core.environment:create_file_with_runtime_dependencies(/home/ubuntu/ros2_ws/src/install/my_pkg/share/colcon-core/packages/my_pkg)
[1.563s] INFO:colcon.colcon_core.task.python.build:Building Python package in '/home/ubuntu/ros2_ws/src/pub_sub_bringup'
[1.563s] INFO:colcon.colcon_core.shell:Skip shell extension 'powershell' for command environment: Not usable outside of PowerShell
[1.563s] DEBUG:colcon.colcon_core.shell:Skip shell extension 'dsv' for command environment
[1.745s] DEBUG:colcon.colcon_core.event_handler.log_command:Invoking command in '/home/ubuntu/ros2_ws/src/pub_sub_bringup': PYTHONPATH=/home/ubuntu/ros2_ws/src/build/pub_sub_bringup/prefix_override:/usr/lib/python3/dist-packages/colcon_core/task/python/colcon_distutils_commands:/home/ubuntu/ros2_ws/src/install/pub_sub_bringup/lib/python3.10/site-packages:${PYTHONPATH} /usr/bin/python3 -W ignore:setup.py install is deprecated -W ignore:easy_install command is deprecated setup.py egg_info --egg-base ../build/pub_sub_bringup build --build-base /home/ubuntu/ros2_ws/src/build/pub_sub_bringup/build install --record /home/ubuntu/ros2_ws/src/build/pub_sub_bringup/install.log --single-version-externally-managed install_data
[1.933s] Level 1:colcon.colcon_core.environment:checking '/home/ubuntu/ros2_ws/src/install/pub_sub_bringup' for CMake module files
[1.935s] DEBUG:colcon.colcon_core.event_handler.log_command:Invoked command in '/home/ubuntu/ros2_ws/src/pub_sub_bringup' returned '0': PYTHONPATH=/home/ubuntu/ros2_ws/src/build/pub_sub_bringup/prefix_override:/usr/lib/python3/dist-packages/colcon_core/task/python/colcon_distutils_commands:/home/ubuntu/ros2_ws/src/install/pub_sub_bringup/lib/python3.10/site-packages:${PYTHONPATH} /usr/bin/python3 -W ignore:setup.py install is deprecated -W ignore:easy_install command is deprecated setup.py egg_info --egg-base ../build/pub_sub_bringup build --build-base /home/ubuntu/ros2_ws/src/build/pub_sub_bringup/build install --record /home/ubuntu/ros2_ws/src/build/pub_sub_bringup/install.log --single-version-externally-managed install_data
[1.936s] Level 1:colcon.colcon_core.environment:checking '/home/ubuntu/ros2_ws/src/install/pub_sub_bringup' for CMake config files
[1.938s] Level 1:colcon.colcon_core.environment:checking '/home/ubuntu/ros2_ws/src/install/pub_sub_bringup/lib'
[1.938s] Level 1:colcon.colcon_core.environment:checking '/home/ubuntu/ros2_ws/src/install/pub_sub_bringup/bin'
[1.938s] Level 1:colcon.colcon_core.environment:checking '/home/ubuntu/ros2_ws/src/install/pub_sub_bringup/lib/pkgconfig/pub_sub_bringup.pc'
[1.938s] Level 1:colcon.colcon_core.environment:checking '/home/ubuntu/ros2_ws/src/install/pub_sub_bringup/lib/python3.10/site-packages'
[1.938s] Level 1:colcon.colcon_core.shell:create_environment_hook('pub_sub_bringup', 'pythonpath')
[1.938s] INFO:colcon.colcon_core.shell:Creating environment hook '/home/ubuntu/ros2_ws/src/install/pub_sub_bringup/share/pub_sub_bringup/hook/pythonpath.ps1'
[1.939s] INFO:colcon.colcon_core.shell:Creating environment descriptor '/home/ubuntu/ros2_ws/src/install/pub_sub_bringup/share/pub_sub_bringup/hook/pythonpath.dsv'
[1.940s] INFO:colcon.colcon_core.shell:Creating environment hook '/home/ubuntu/ros2_ws/src/install/pub_sub_bringup/share/pub_sub_bringup/hook/pythonpath.sh'
[1.940s] Level 1:colcon.colcon_core.environment:checking '/home/ubuntu/ros2_ws/src/install/pub_sub_bringup/bin'
[1.941s] Level 1:colcon.colcon_core.environment:create_environment_scripts_only(pub_sub_bringup)
[1.941s] INFO:colcon.colcon_core.shell:Creating package script '/home/ubuntu/ros2_ws/src/install/pub_sub_bringup/share/pub_sub_bringup/package.ps1'
[1.941s] INFO:colcon.colcon_core.shell:Creating package descriptor '/home/ubuntu/ros2_ws/src/install/pub_sub_bringup/share/pub_sub_bringup/package.dsv'
[1.942s] INFO:colcon.colcon_core.shell:Creating package script '/home/ubuntu/ros2_ws/src/install/pub_sub_bringup/share/pub_sub_bringup/package.sh'
[1.942s] INFO:colcon.colcon_core.shell:Creating package script '/home/ubuntu/ros2_ws/src/install/pub_sub_bringup/share/pub_sub_bringup/package.bash'
[1.942s] INFO:colcon.colcon_core.shell:Creating package script '/home/ubuntu/ros2_ws/src/install/pub_sub_bringup/share/pub_sub_bringup/package.zsh'
[1.943s] Level 1:colcon.colcon_core.environment:create_file_with_runtime_dependencies(/home/ubuntu/ros2_ws/src/install/pub_sub_bringup/share/colcon-core/packages/pub_sub_bringup)
[1.944s] DEBUG:colcon.colcon_parallel_executor.executor.parallel:closing loop
[1.945s] DEBUG:colcon.colcon_parallel_executor.executor.parallel:loop closed
[1.945s] DEBUG:colcon.colcon_parallel_executor.executor.parallel:run_until_complete finished with '0'
[1.945s] DEBUG:colcon.colcon_core.event_reactor:joining thread
[1.950s] INFO:colcon.colcon_core.plugin_system:Skipping extension 'colcon_notification.desktop_notification.terminal_notifier': Not used on non-Darwin systems
[1.950s] INFO:colcon.colcon_core.plugin_system:Skipping extension 'colcon_notification.desktop_notification.win32': Not used on non-Windows systems
[1.950s] INFO:colcon.colcon_notification.desktop_notification:Sending desktop notification using 'notify2'
[2.056s] DEBUG:colcon.colcon_core.event_reactor:joined thread
[2.058s] INFO:colcon.colcon_core.shell:Creating prefix script '/home/ubuntu/ros2_ws/src/install/local_setup.ps1'
[2.060s] INFO:colcon.colcon_core.shell:Creating prefix util module '/home/ubuntu/ros2_ws/src/install/_local_setup_util_ps1.py'
[2.061s] INFO:colcon.colcon_core.shell:Creating prefix chain script '/home/ubuntu/ros2_ws/src/install/setup.ps1'
[2.063s] INFO:colcon.colcon_core.shell:Creating prefix script '/home/ubuntu/ros2_ws/src/install/local_setup.sh'
[2.064s] INFO:colcon.colcon_core.shell:Creating prefix util module '/home/ubuntu/ros2_ws/src/install/_local_setup_util_sh.py'
[2.065s] INFO:colcon.colcon_core.shell:Creating prefix chain script '/home/ubuntu/ros2_ws/src/install/setup.sh'
[2.066s] INFO:colcon.colcon_core.shell:Creating prefix script '/home/ubuntu/ros2_ws/src/install/local_setup.bash'
[2.066s] INFO:colcon.colcon_core.shell:Creating prefix chain script '/home/ubuntu/ros2_ws/src/install/setup.bash'
[2.067s] INFO:colcon.colcon_core.shell:Creating prefix script '/home/ubuntu/ros2_ws/src/install/local_setup.zsh'
[2.068s] INFO:colcon.colcon_core.shell:Creating prefix chain script '/home/ubuntu/ros2_ws/src/install/setup.zsh'
