[0.504s] Invoking command in '/home/ubuntu/ros2_ws/src/my_pkg': PYTHONPATH=/home/ubuntu/ros2_ws/src/build/my_pkg/prefix_override:/usr/lib/python3/dist-packages/colcon_core/task/python/colcon_distutils_commands:/home/ubuntu/ros2_ws/src/install/my_pkg/lib/python3.10/site-packages:${PYTHONPATH} /usr/bin/python3 -W ignore:setup.py install is deprecated -W ignore:easy_install command is deprecated setup.py egg_info --egg-base ../build/my_pkg build --build-base /home/ubuntu/ros2_ws/src/build/my_pkg/build install --record /home/ubuntu/ros2_ws/src/build/my_pkg/install.log --single-version-externally-managed install_data
[0.651s] running egg_info
[0.652s] writing ../build/my_pkg/my_pkg.egg-info/PKG-INFO
[0.652s] writing dependency_links to ../build/my_pkg/my_pkg.egg-info/dependency_links.txt
[0.653s] writing entry points to ../build/my_pkg/my_pkg.egg-info/entry_points.txt
[0.654s] writing requirements to ../build/my_pkg/my_pkg.egg-info/requires.txt
[0.655s] writing top-level names to ../build/my_pkg/my_pkg.egg-info/top_level.txt
[0.663s] reading manifest file '../build/my_pkg/my_pkg.egg-info/SOURCES.txt'
[0.665s] writing manifest file '../build/my_pkg/my_pkg.egg-info/SOURCES.txt'
[0.665s] running build
[0.665s] running build_py
[0.666s] running install
[0.667s] running install_lib
[0.668s] running install_data
[0.669s] running install_egg_info
[0.671s] removing '/home/ubuntu/ros2_ws/src/install/my_pkg/lib/python3.10/site-packages/my_pkg-0.0.0-py3.10.egg-info' (and everything under it)
[0.673s] Copying ../build/my_pkg/my_pkg.egg-info to /home/ubuntu/ros2_ws/src/install/my_pkg/lib/python3.10/site-packages/my_pkg-0.0.0-py3.10.egg-info
[0.686s] running install_scripts
[0.707s] Installing my_node script to /home/ubuntu/ros2_ws/src/install/my_pkg/lib/my_pkg
[0.713s] writing list of installed files to '/home/ubuntu/ros2_ws/src/build/my_pkg/install.log'
[0.732s] Invoked command in '/home/ubuntu/ros2_ws/src/my_pkg' returned '0': PYTHONPATH=/home/ubuntu/ros2_ws/src/build/my_pkg/prefix_override:/usr/lib/python3/dist-packages/colcon_core/task/python/colcon_distutils_commands:/home/ubuntu/ros2_ws/src/install/my_pkg/lib/python3.10/site-packages:${PYTHONPATH} /usr/bin/python3 -W ignore:setup.py install is deprecated -W ignore:easy_install command is deprecated setup.py egg_info --egg-base ../build/my_pkg build --build-base /home/ubuntu/ros2_ws/src/build/my_pkg/build install --record /home/ubuntu/ros2_ws/src/build/my_pkg/install.log --single-version-externally-managed install_data
