[0.796s] Invoking command in '/home/ubuntu/ros2_ws/src/publisher_node': PYTHONPATH=/home/ubuntu/ros2_ws/src/build/publisher_node/prefix_override:/usr/lib/python3/dist-packages/colcon_core/task/python/colcon_distutils_commands:/home/ubuntu/ros2_ws/src/install/publisher_node/lib/python3.10/site-packages:${PYTHONPATH} /usr/bin/python3 -W ignore:setup.py install is deprecated -W ignore:easy_install command is deprecated setup.py egg_info --egg-base ../build/publisher_node build --build-base /home/ubuntu/ros2_ws/src/build/publisher_node/build install --record /home/ubuntu/ros2_ws/src/build/publisher_node/install.log --single-version-externally-managed install_data
[0.968s] running egg_info
[0.969s] writing ../build/publisher_node/publisher_node.egg-info/PKG-INFO
[0.970s] writing dependency_links to ../build/publisher_node/publisher_node.egg-info/dependency_links.txt
[0.971s] writing entry points to ../build/publisher_node/publisher_node.egg-info/entry_points.txt
[0.974s] writing requirements to ../build/publisher_node/publisher_node.egg-info/requires.txt
[0.975s] writing top-level names to ../build/publisher_node/publisher_node.egg-info/top_level.txt
[0.981s] reading manifest file '../build/publisher_node/publisher_node.egg-info/SOURCES.txt'
[0.986s] writing manifest file '../build/publisher_node/publisher_node.egg-info/SOURCES.txt'
[0.986s] running build
[0.987s] running build_py
[0.988s] copying publisher_node/my_publisher_node.py -> /home/ubuntu/ros2_ws/src/build/publisher_node/build/lib/publisher_node
[0.990s] running install
[0.992s] running install_lib
[0.994s] copying /home/ubuntu/ros2_ws/src/build/publisher_node/build/lib/publisher_node/my_publisher_node.py -> /home/ubuntu/ros2_ws/src/install/publisher_node/lib/python3.10/site-packages/publisher_node
[0.997s] byte-compiling /home/ubuntu/ros2_ws/src/install/publisher_node/lib/python3.10/site-packages/publisher_node/my_publisher_node.py to my_publisher_node.cpython-310.pyc
[1.000s] running install_data
[1.001s] running install_egg_info
[1.003s] removing '/home/ubuntu/ros2_ws/src/install/publisher_node/lib/python3.10/site-packages/publisher_node-0.0.0-py3.10.egg-info' (and everything under it)
[1.006s] Copying ../build/publisher_node/publisher_node.egg-info to /home/ubuntu/ros2_ws/src/install/publisher_node/lib/python3.10/site-packages/publisher_node-0.0.0-py3.10.egg-info
[1.025s] running install_scripts
[1.056s] writing list of installed files to '/home/ubuntu/ros2_ws/src/build/publisher_node/install.log'
[1.083s] Invoked command in '/home/ubuntu/ros2_ws/src/publisher_node' returned '0': PYTHONPATH=/home/ubuntu/ros2_ws/src/build/publisher_node/prefix_override:/usr/lib/python3/dist-packages/colcon_core/task/python/colcon_distutils_commands:/home/ubuntu/ros2_ws/src/install/publisher_node/lib/python3.10/site-packages:${PYTHONPATH} /usr/bin/python3 -W ignore:setup.py install is deprecated -W ignore:easy_install command is deprecated setup.py egg_info --egg-base ../build/publisher_node build --build-base /home/ubuntu/ros2_ws/src/build/publisher_node/build install --record /home/ubuntu/ros2_ws/src/build/publisher_node/install.log --single-version-externally-managed install_data
