[0.560s] Invoking command in '/home/ubuntu/ros2_ws/src/my_pkg': PYTHONPATH=/home/ubuntu/ros2_ws/src/build/my_pkg/prefix_override:/usr/lib/python3/dist-packages/colcon_core/task/python/colcon_distutils_commands:/home/ubuntu/ros2_ws/src/install/my_pkg/lib/python3.10/site-packages:${PYTHONPATH} /usr/bin/python3 -W ignore:setup.py install is deprecated -W ignore:easy_install command is deprecated setup.py egg_info --egg-base ../build/my_pkg build --build-base /home/ubuntu/ros2_ws/src/build/my_pkg/build install --record /home/ubuntu/ros2_ws/src/build/my_pkg/install.log --single-version-externally-managed install_data
[0.700s] running egg_info
[0.701s] creating ../build/my_pkg/my_pkg.egg-info
[0.701s] writing ../build/my_pkg/my_pkg.egg-info/PKG-INFO
[0.702s] writing dependency_links to ../build/my_pkg/my_pkg.egg-info/dependency_links.txt
[0.704s] writing entry points to ../build/my_pkg/my_pkg.egg-info/entry_points.txt
[0.704s] writing requirements to ../build/my_pkg/my_pkg.egg-info/requires.txt
[0.706s] writing top-level names to ../build/my_pkg/my_pkg.egg-info/top_level.txt
[0.707s] writing manifest file '../build/my_pkg/my_pkg.egg-info/SOURCES.txt'
[0.711s] reading manifest file '../build/my_pkg/my_pkg.egg-info/SOURCES.txt'
[0.712s] writing manifest file '../build/my_pkg/my_pkg.egg-info/SOURCES.txt'
[0.712s] running build
[0.712s] running build_py
[0.713s] creating /home/ubuntu/ros2_ws/src/build/my_pkg/build
[0.713s] creating /home/ubuntu/ros2_ws/src/build/my_pkg/build/lib
[0.714s] creating /home/ubuntu/ros2_ws/src/build/my_pkg/build/lib/my_pkg
[0.714s] copying my_pkg/__init__.py -> /home/ubuntu/ros2_ws/src/build/my_pkg/build/lib/my_pkg
[0.715s] copying my_pkg/my_node.py -> /home/ubuntu/ros2_ws/src/build/my_pkg/build/lib/my_pkg
[0.716s] running install
[0.716s] running install_lib
[0.718s] creating /home/ubuntu/ros2_ws/src/install/my_pkg/lib/python3.10/site-packages/my_pkg
[0.718s] copying /home/ubuntu/ros2_ws/src/build/my_pkg/build/lib/my_pkg/__init__.py -> /home/ubuntu/ros2_ws/src/install/my_pkg/lib/python3.10/site-packages/my_pkg
[0.721s] copying /home/ubuntu/ros2_ws/src/build/my_pkg/build/lib/my_pkg/my_node.py -> /home/ubuntu/ros2_ws/src/install/my_pkg/lib/python3.10/site-packages/my_pkg
[0.722s] byte-compiling /home/ubuntu/ros2_ws/src/install/my_pkg/lib/python3.10/site-packages/my_pkg/__init__.py to __init__.cpython-310.pyc
[0.724s] byte-compiling /home/ubuntu/ros2_ws/src/install/my_pkg/lib/python3.10/site-packages/my_pkg/my_node.py to my_node.cpython-310.pyc
[0.726s] running install_data
[0.726s] creating /home/ubuntu/ros2_ws/src/install/my_pkg/share/ament_index
[0.727s] creating /home/ubuntu/ros2_ws/src/install/my_pkg/share/ament_index/resource_index
[0.729s] creating /home/ubuntu/ros2_ws/src/install/my_pkg/share/ament_index/resource_index/packages
[0.730s] copying resource/my_pkg -> /home/ubuntu/ros2_ws/src/install/my_pkg/share/ament_index/resource_index/packages
[0.732s] copying package.xml -> /home/ubuntu/ros2_ws/src/install/my_pkg/share/my_pkg
[0.735s] running install_egg_info
[0.735s] Copying ../build/my_pkg/my_pkg.egg-info to /home/ubuntu/ros2_ws/src/install/my_pkg/lib/python3.10/site-packages/my_pkg-0.0.0-py3.10.egg-info
[0.744s] running install_scripts
[0.764s] Installing my_node script to /home/ubuntu/ros2_ws/src/install/my_pkg/lib/my_pkg
[0.765s] writing list of installed files to '/home/ubuntu/ros2_ws/src/build/my_pkg/install.log'
[0.784s] Invoked command in '/home/ubuntu/ros2_ws/src/my_pkg' returned '0': PYTHONPATH=/home/ubuntu/ros2_ws/src/build/my_pkg/prefix_override:/usr/lib/python3/dist-packages/colcon_core/task/python/colcon_distutils_commands:/home/ubuntu/ros2_ws/src/install/my_pkg/lib/python3.10/site-packages:${PYTHONPATH} /usr/bin/python3 -W ignore:setup.py install is deprecated -W ignore:easy_install command is deprecated setup.py egg_info --egg-base ../build/my_pkg build --build-base /home/ubuntu/ros2_ws/src/build/my_pkg/build install --record /home/ubuntu/ros2_ws/src/build/my_pkg/install.log --single-version-externally-managed install_data
