running egg_info
creating ../build/pub_sub_bringup/pub_sub_bringup.egg-info
writing ../build/pub_sub_bringup/pub_sub_bringup.egg-info/PKG-INFO
writing dependency_links to ../build/pub_sub_bringup/pub_sub_bringup.egg-info/dependency_links.txt
writing entry points to ../build/pub_sub_bringup/pub_sub_bringup.egg-info/entry_points.txt
writing requirements to ../build/pub_sub_bringup/pub_sub_bringup.egg-info/requires.txt
writing top-level names to ../build/pub_sub_bringup/pub_sub_bringup.egg-info/top_level.txt
writing manifest file '../build/pub_sub_bringup/pub_sub_bringup.egg-info/SOURCES.txt'
reading manifest file '../build/pub_sub_bringup/pub_sub_bringup.egg-info/SOURCES.txt'
writing manifest file '../build/pub_sub_bringup/pub_sub_bringup.egg-info/SOURCES.txt'
running build
running build_py
creating /home/ubuntu/ros2_ws/src/build/pub_sub_bringup/build
creating /home/ubuntu/ros2_ws/src/build/pub_sub_bringup/build/lib
creating /home/ubuntu/ros2_ws/src/build/pub_sub_bringup/build/lib/pub_sub_bringup
copying pub_sub_bringup/__init__.py -> /home/ubuntu/ros2_ws/src/build/pub_sub_bringup/build/lib/pub_sub_bringup
running install
running install_lib
creating /home/ubuntu/ros2_ws/src/install/pub_sub_bringup/lib/python3.10/site-packages/pub_sub_bringup
copying /home/ubuntu/ros2_ws/src/build/pub_sub_bringup/build/lib/pub_sub_bringup/__init__.py -> /home/ubuntu/ros2_ws/src/install/pub_sub_bringup/lib/python3.10/site-packages/pub_sub_bringup
byte-compiling /home/ubuntu/ros2_ws/src/install/pub_sub_bringup/lib/python3.10/site-packages/pub_sub_bringup/__init__.py to __init__.cpython-310.pyc
running install_data
creating /home/ubuntu/ros2_ws/src/install/pub_sub_bringup/share/ament_index
creating /home/ubuntu/ros2_ws/src/install/pub_sub_bringup/share/ament_index/resource_index
creating /home/ubuntu/ros2_ws/src/install/pub_sub_bringup/share/ament_index/resource_index/packages
copying resource/pub_sub_bringup -> /home/ubuntu/ros2_ws/src/install/pub_sub_bringup/share/ament_index/resource_index/packages
copying package.xml -> /home/ubuntu/ros2_ws/src/install/pub_sub_bringup/share/pub_sub_bringup
creating /home/ubuntu/ros2_ws/src/install/pub_sub_bringup/share/pub_sub_bringup/launch
copying launch/pub_sub.launch.py -> /home/ubuntu/ros2_ws/src/install/pub_sub_bringup/share/pub_sub_bringup/launch
running install_egg_info
Copying ../build/pub_sub_bringup/pub_sub_bringup.egg-info to /home/ubuntu/ros2_ws/src/install/pub_sub_bringup/lib/python3.10/site-packages/pub_sub_bringup-0.0.0-py3.10.egg-info
running install_scripts
writing list of installed files to '/home/ubuntu/ros2_ws/src/build/pub_sub_bringup/install.log'
