[0.439s] Invoking command in '/home/ubuntu/ros2_ws/src/pub_sub_bringup': PYTHONPATH=/home/ubuntu/ros2_ws/src/build/pub_sub_bringup/prefix_override:/usr/lib/python3/dist-packages/colcon_core/task/python/colcon_distutils_commands:/home/ubuntu/ros2_ws/src/install/pub_sub_bringup/lib/python3.10/site-packages:${PYTHONPATH} /usr/bin/python3 -W ignore:setup.py install is deprecated -W ignore:easy_install command is deprecated setup.py egg_info --egg-base ../build/pub_sub_bringup build --build-base /home/ubuntu/ros2_ws/src/build/pub_sub_bringup/build install --record /home/ubuntu/ros2_ws/src/build/pub_sub_bringup/install.log --single-version-externally-managed install_data
[0.574s] running egg_info
[0.575s] creating ../build/pub_sub_bringup/pub_sub_bringup.egg-info
[0.576s] writing ../build/pub_sub_bringup/pub_sub_bringup.egg-info/PKG-INFO
[0.577s] writing dependency_links to ../build/pub_sub_bringup/pub_sub_bringup.egg-info/dependency_links.txt
[0.578s] writing entry points to ../build/pub_sub_bringup/pub_sub_bringup.egg-info/entry_points.txt
[0.578s] writing requirements to ../build/pub_sub_bringup/pub_sub_bringup.egg-info/requires.txt
[0.578s] writing top-level names to ../build/pub_sub_bringup/pub_sub_bringup.egg-info/top_level.txt
[0.579s] writing manifest file '../build/pub_sub_bringup/pub_sub_bringup.egg-info/SOURCES.txt'
[0.581s] reading manifest file '../build/pub_sub_bringup/pub_sub_bringup.egg-info/SOURCES.txt'
[0.582s] writing manifest file '../build/pub_sub_bringup/pub_sub_bringup.egg-info/SOURCES.txt'
[0.583s] running build
[0.583s] running build_py
[0.584s] creating /home/ubuntu/ros2_ws/src/build/pub_sub_bringup/build
[0.584s] creating /home/ubuntu/ros2_ws/src/build/pub_sub_bringup/build/lib
[0.584s] creating /home/ubuntu/ros2_ws/src/build/pub_sub_bringup/build/lib/pub_sub_bringup
[0.585s] copying pub_sub_bringup/__init__.py -> /home/ubuntu/ros2_ws/src/build/pub_sub_bringup/build/lib/pub_sub_bringup
[0.586s] running install
[0.586s] running install_lib
[0.587s] creating /home/ubuntu/ros2_ws/src/install/pub_sub_bringup/lib/python3.10/site-packages/pub_sub_bringup
[0.587s] copying /home/ubuntu/ros2_ws/src/build/pub_sub_bringup/build/lib/pub_sub_bringup/__init__.py -> /home/ubuntu/ros2_ws/src/install/pub_sub_bringup/lib/python3.10/site-packages/pub_sub_bringup
[0.588s] byte-compiling /home/ubuntu/ros2_ws/src/install/pub_sub_bringup/lib/python3.10/site-packages/pub_sub_bringup/__init__.py to __init__.cpython-310.pyc
[0.589s] running install_data
[0.590s] creating /home/ubuntu/ros2_ws/src/install/pub_sub_bringup/share/ament_index
[0.590s] creating /home/ubuntu/ros2_ws/src/install/pub_sub_bringup/share/ament_index/resource_index
[0.590s] creating /home/ubuntu/ros2_ws/src/install/pub_sub_bringup/share/ament_index/resource_index/packages
[0.591s] copying resource/pub_sub_bringup -> /home/ubuntu/ros2_ws/src/install/pub_sub_bringup/share/ament_index/resource_index/packages
[0.591s] copying package.xml -> /home/ubuntu/ros2_ws/src/install/pub_sub_bringup/share/pub_sub_bringup
[0.592s] creating /home/ubuntu/ros2_ws/src/install/pub_sub_bringup/share/pub_sub_bringup/launch
[0.593s] copying launch/pub_sub.launch.py -> /home/ubuntu/ros2_ws/src/install/pub_sub_bringup/share/pub_sub_bringup/launch
[0.594s] running install_egg_info
[0.595s] Copying ../build/pub_sub_bringup/pub_sub_bringup.egg-info to /home/ubuntu/ros2_ws/src/install/pub_sub_bringup/lib/python3.10/site-packages/pub_sub_bringup-0.0.0-py3.10.egg-info
[0.603s] running install_scripts
[0.615s] writing list of installed files to '/home/ubuntu/ros2_ws/src/build/pub_sub_bringup/install.log'
[0.629s] Invoked command in '/home/ubuntu/ros2_ws/src/pub_sub_bringup' returned '0': PYTHONPATH=/home/ubuntu/ros2_ws/src/build/pub_sub_bringup/prefix_override:/usr/lib/python3/dist-packages/colcon_core/task/python/colcon_distutils_commands:/home/ubuntu/ros2_ws/src/install/pub_sub_bringup/lib/python3.10/site-packages:${PYTHONPATH} /usr/bin/python3 -W ignore:setup.py install is deprecated -W ignore:easy_install command is deprecated setup.py egg_info --egg-base ../build/pub_sub_bringup build --build-base /home/ubuntu/ros2_ws/src/build/pub_sub_bringup/build install --record /home/ubuntu/ros2_ws/src/build/pub_sub_bringup/install.log --single-version-externally-managed install_data
