[0.732s] Invoking command in '/home/ubuntu/ros2_ws/src/my_pkg': PYTHONPATH=/home/ubuntu/ros2_ws/src/build/my_pkg/prefix_override:/usr/lib/python3/dist-packages/colcon_core/task/python/colcon_distutils_commands:/home/ubuntu/ros2_ws/src/install/my_pkg/lib/python3.10/site-packages:${PYTHONPATH} /usr/bin/python3 -W ignore:setup.py install is deprecated -W ignore:easy_install command is deprecated setup.py egg_info --egg-base ../build/my_pkg build --build-base /home/ubuntu/ros2_ws/src/build/my_pkg/build install --record /home/ubuntu/ros2_ws/src/build/my_pkg/install.log --single-version-externally-managed install_data
[0.873s] running egg_info
[0.873s] writing ../build/my_pkg/my_pkg.egg-info/PKG-INFO
[0.879s] writing dependency_links to ../build/my_pkg/my_pkg.egg-info/dependency_links.txt
[0.881s] writing entry points to ../build/my_pkg/my_pkg.egg-info/entry_points.txt
[0.881s] writing requirements to ../build/my_pkg/my_pkg.egg-info/requires.txt
[0.882s] writing top-level names to ../build/my_pkg/my_pkg.egg-info/top_level.txt
[0.889s] reading manifest file '../build/my_pkg/my_pkg.egg-info/SOURCES.txt'
[0.891s] writing manifest file '../build/my_pkg/my_pkg.egg-info/SOURCES.txt'
[0.891s] running build
[0.892s] running build_py
[0.893s] running install
[0.894s] running install_lib
[0.896s] running install_data
[0.897s] running install_egg_info
[0.899s] removing '/home/ubuntu/ros2_ws/src/install/my_pkg/lib/python3.10/site-packages/my_pkg-0.0.0-py3.10.egg-info' (and everything under it)
[0.902s] Copying ../build/my_pkg/my_pkg.egg-info to /home/ubuntu/ros2_ws/src/install/my_pkg/lib/python3.10/site-packages/my_pkg-0.0.0-py3.10.egg-info
[0.924s] running install_scripts
[0.952s] Installing my_node script to /home/ubuntu/ros2_ws/src/install/my_pkg/lib/my_pkg
[0.957s] writing list of installed files to '/home/ubuntu/ros2_ws/src/build/my_pkg/install.log'
[0.979s] Invoked command in '/home/ubuntu/ros2_ws/src/my_pkg' returned '0': PYTHONPATH=/home/ubuntu/ros2_ws/src/build/my_pkg/prefix_override:/usr/lib/python3/dist-packages/colcon_core/task/python/colcon_distutils_commands:/home/ubuntu/ros2_ws/src/install/my_pkg/lib/python3.10/site-packages:${PYTHONPATH} /usr/bin/python3 -W ignore:setup.py install is deprecated -W ignore:easy_install command is deprecated setup.py egg_info --egg-base ../build/my_pkg build --build-base /home/ubuntu/ros2_ws/src/build/my_pkg/build install --record /home/ubuntu/ros2_ws/src/build/my_pkg/install.log --single-version-externally-managed install_data
