[0.727s] Invoking command in '/home/ubuntu/ros2_ws/src/my_pkg': PYTHONPATH=/home/ubuntu/ros2_ws/src/build/my_pkg/prefix_override:/usr/lib/python3/dist-packages/colcon_core/task/python/colcon_distutils_commands:/home/ubuntu/ros2_ws/src/install/my_pkg/lib/python3.10/site-packages:${PYTHONPATH} /usr/bin/python3 -W ignore:setup.py install is deprecated -W ignore:easy_install command is deprecated setup.py egg_info --egg-base ../build/my_pkg build --build-base /home/ubuntu/ros2_ws/src/build/my_pkg/build install --record /home/ubuntu/ros2_ws/src/build/my_pkg/install.log --single-version-externally-managed install_data
[0.966s] running egg_info
[0.967s] writing ../build/my_pkg/my_pkg.egg-info/PKG-INFO
[0.968s] writing dependency_links to ../build/my_pkg/my_pkg.egg-info/dependency_links.txt
[0.972s] writing entry points to ../build/my_pkg/my_pkg.egg-info/entry_points.txt
[0.974s] writing requirements to ../build/my_pkg/my_pkg.egg-info/requires.txt
[0.975s] writing top-level names to ../build/my_pkg/my_pkg.egg-info/top_level.txt
[0.983s] reading manifest file '../build/my_pkg/my_pkg.egg-info/SOURCES.txt'
[0.985s] writing manifest file '../build/my_pkg/my_pkg.egg-info/SOURCES.txt'
[0.986s] running build
[0.987s] running build_py
[0.987s] running install
[0.988s] running install_lib
[0.991s] running install_data
[0.992s] running install_egg_info
[0.995s] removing '/home/ubuntu/ros2_ws/src/install/my_pkg/lib/python3.10/site-packages/my_pkg-0.0.0-py3.10.egg-info' (and everything under it)
[0.997s] Copying ../build/my_pkg/my_pkg.egg-info to /home/ubuntu/ros2_ws/src/install/my_pkg/lib/python3.10/site-packages/my_pkg-0.0.0-py3.10.egg-info
[1.020s] running install_scripts
[1.060s] Installing my_node script to /home/ubuntu/ros2_ws/src/install/my_pkg/lib/my_pkg
[1.063s] writing list of installed files to '/home/ubuntu/ros2_ws/src/build/my_pkg/install.log'
[1.092s] Invoked command in '/home/ubuntu/ros2_ws/src/my_pkg' returned '0': PYTHONPATH=/home/ubuntu/ros2_ws/src/build/my_pkg/prefix_override:/usr/lib/python3/dist-packages/colcon_core/task/python/colcon_distutils_commands:/home/ubuntu/ros2_ws/src/install/my_pkg/lib/python3.10/site-packages:${PYTHONPATH} /usr/bin/python3 -W ignore:setup.py install is deprecated -W ignore:easy_install command is deprecated setup.py egg_info --egg-base ../build/my_pkg build --build-base /home/ubuntu/ros2_ws/src/build/my_pkg/build install --record /home/ubuntu/ros2_ws/src/build/my_pkg/install.log --single-version-externally-managed install_data
