[0.000000] (-) TimerEvent: {}
[0.000159] (my_pkg) JobQueued: {'identifier': 'my_pkg', 'dependencies': OrderedDict()}
[0.000612] (my_pkg) JobStarted: {'identifier': 'my_pkg'}
[0.102594] (-) TimerEvent: {}
[0.204616] (-) TimerEvent: {}
[0.305654] (-) TimerEvent: {}
[0.411691] (-) TimerEvent: {}
[0.512718] (-) TimerEvent: {}
[0.556383] (my_pkg) Command: {'cmd': ['/usr/bin/python3', '-W', 'ignore:setup.py install is deprecated', '-W', 'ignore:easy_install command is deprecated', 'setup.py', 'egg_info', '--egg-base', '../build/my_pkg', 'build', '--build-base', '/home/ubuntu/ros2_ws/src/build/my_pkg/build', 'install', '--record', '/home/ubuntu/ros2_ws/src/build/my_pkg/install.log', '--single-version-externally-managed', 'install_data'], 'cwd': '/home/ubuntu/ros2_ws/src/my_pkg', 'env': {'USER': 'ubuntu', 'HOSTNAME': '8b4faaf0a0d3', 'SHLVL': '1', 'LD_LIBRARY_PATH': '/opt/ros/humble/opt/rviz_ogre_vendor/lib:/opt/ros/humble/lib/aarch64-linux-gnu:/opt/ros/humble/lib', 'HOME': '/home/ubuntu', 'OLDPWD': '/home/ubuntu/ros2_ws/src/my_pkg/my_pkg', 'ROS_PYTHON_VERSION': '3', 'LC_CTYPE': 'C.UTF-8', 'ROS_DISTRO': 'humble', '_': '/usr/bin/colcon', 'ROS_VERSION': '2', 'TERM': 'xterm', 'ROS_LOCALHOST_ONLY': '0', 'PATH': '/opt/ros/humble/bin:/usr/local/sbin:/usr/local/bin:/usr/sbin:/usr/bin:/sbin:/bin', 'DISPLAY': ':1', 'AMENT_PREFIX_PATH': '/opt/ros/humble', 'PASSWD': 'ubuntu', 'PWD': '/home/ubuntu/ros2_ws/src/build/my_pkg', 'PYTHONPATH': '/home/ubuntu/ros2_ws/src/build/my_pkg/prefix_override:/usr/lib/python3/dist-packages/colcon_core/task/python/colcon_distutils_commands:/home/ubuntu/ros2_ws/src/install/my_pkg/lib/python3.10/site-packages:/opt/ros/humble/lib/python3.10/site-packages:/opt/ros/humble/local/lib/python3.10/dist-packages', 'COLCON': '1'}, 'shell': False}
[0.613629] (-) TimerEvent: {}
[0.700492] (my_pkg) StdoutLine: {'line': b'running egg_info\n'}
[0.701253] (my_pkg) StdoutLine: {'line': b'creating ../build/my_pkg/my_pkg.egg-info\n'}
[0.701606] (my_pkg) StdoutLine: {'line': b'writing ../build/my_pkg/my_pkg.egg-info/PKG-INFO\n'}
[0.702580] (my_pkg) StdoutLine: {'line': b'writing dependency_links to ../build/my_pkg/my_pkg.egg-info/dependency_links.txt\n'}
[0.704370] (my_pkg) StdoutLine: {'line': b'writing entry points to ../build/my_pkg/my_pkg.egg-info/entry_points.txt\n'}
[0.705194] (my_pkg) StdoutLine: {'line': b'writing requirements to ../build/my_pkg/my_pkg.egg-info/requires.txt\n'}
[0.705805] (my_pkg) StdoutLine: {'line': b'writing top-level names to ../build/my_pkg/my_pkg.egg-info/top_level.txt\n'}
[0.707768] (my_pkg) StdoutLine: {'line': b"writing manifest file '../build/my_pkg/my_pkg.egg-info/SOURCES.txt'\n"}
[0.711560] (my_pkg) StdoutLine: {'line': b"reading manifest file '../build/my_pkg/my_pkg.egg-info/SOURCES.txt'\n"}
[0.712477] (my_pkg) StdoutLine: {'line': b"writing manifest file '../build/my_pkg/my_pkg.egg-info/SOURCES.txt'\n"}
[0.712747] (my_pkg) StdoutLine: {'line': b'running build\n'}
[0.712986] (my_pkg) StdoutLine: {'line': b'running build_py\n'}
[0.713339] (my_pkg) StdoutLine: {'line': b'creating /home/ubuntu/ros2_ws/src/build/my_pkg/build\n'}
[0.713787] (-) TimerEvent: {}
[0.713939] (my_pkg) StdoutLine: {'line': b'creating /home/ubuntu/ros2_ws/src/build/my_pkg/build/lib\n'}
[0.714350] (my_pkg) StdoutLine: {'line': b'creating /home/ubuntu/ros2_ws/src/build/my_pkg/build/lib/my_pkg\n'}
[0.714701] (my_pkg) StdoutLine: {'line': b'copying my_pkg/__init__.py -> /home/ubuntu/ros2_ws/src/build/my_pkg/build/lib/my_pkg\n'}
[0.715152] (my_pkg) StdoutLine: {'line': b'copying my_pkg/my_node.py -> /home/ubuntu/ros2_ws/src/build/my_pkg/build/lib/my_pkg\n'}
[0.716115] (my_pkg) StdoutLine: {'line': b'running install\n'}
[0.716978] (my_pkg) StdoutLine: {'line': b'running install_lib\n'}
[0.717421] (my_pkg) StdoutLine: {'line': b'creating /home/ubuntu/ros2_ws/src/install/my_pkg/lib/python3.10/site-packages/my_pkg\n'}
[0.719190] (my_pkg) StdoutLine: {'line': b'copying /home/ubuntu/ros2_ws/src/build/my_pkg/build/lib/my_pkg/__init__.py -> /home/ubuntu/ros2_ws/src/install/my_pkg/lib/python3.10/site-packages/my_pkg\n'}
[0.721534] (my_pkg) StdoutLine: {'line': b'copying /home/ubuntu/ros2_ws/src/build/my_pkg/build/lib/my_pkg/my_node.py -> /home/ubuntu/ros2_ws/src/install/my_pkg/lib/python3.10/site-packages/my_pkg\n'}
[0.723045] (my_pkg) StdoutLine: {'line': b'byte-compiling /home/ubuntu/ros2_ws/src/install/my_pkg/lib/python3.10/site-packages/my_pkg/__init__.py to __init__.cpython-310.pyc\n'}
[0.724964] (my_pkg) StdoutLine: {'line': b'byte-compiling /home/ubuntu/ros2_ws/src/install/my_pkg/lib/python3.10/site-packages/my_pkg/my_node.py to my_node.cpython-310.pyc\n'}
[0.726300] (my_pkg) StdoutLine: {'line': b'running install_data\n'}
[0.726651] (my_pkg) StdoutLine: {'line': b'creating /home/ubuntu/ros2_ws/src/install/my_pkg/share/ament_index\n'}
[0.727409] (my_pkg) StdoutLine: {'line': b'creating /home/ubuntu/ros2_ws/src/install/my_pkg/share/ament_index/resource_index\n'}
[0.728870] (my_pkg) StdoutLine: {'line': b'creating /home/ubuntu/ros2_ws/src/install/my_pkg/share/ament_index/resource_index/packages\n'}
[0.729964] (my_pkg) StdoutLine: {'line': b'copying resource/my_pkg -> /home/ubuntu/ros2_ws/src/install/my_pkg/share/ament_index/resource_index/packages\n'}
[0.731792] (my_pkg) StdoutLine: {'line': b'copying package.xml -> /home/ubuntu/ros2_ws/src/install/my_pkg/share/my_pkg\n'}
[0.734346] (my_pkg) StdoutLine: {'line': b'running install_egg_info\n'}
[0.735872] (my_pkg) StdoutLine: {'line': b'Copying ../build/my_pkg/my_pkg.egg-info to /home/ubuntu/ros2_ws/src/install/my_pkg/lib/python3.10/site-packages/my_pkg-0.0.0-py3.10.egg-info\n'}
[0.743601] (my_pkg) StdoutLine: {'line': b'running install_scripts\n'}
[0.763116] (my_pkg) StdoutLine: {'line': b'Installing my_node script to /home/ubuntu/ros2_ws/src/install/my_pkg/lib/my_pkg\n'}
[0.765400] (my_pkg) StdoutLine: {'line': b"writing list of installed files to '/home/ubuntu/ros2_ws/src/build/my_pkg/install.log'\n"}
[0.784388] (my_pkg) CommandEnded: {'returncode': 0}
[0.808249] (my_pkg) JobEnded: {'identifier': 'my_pkg', 'rc': 0}
[0.810272] (-) EventReactorShutdown: {}
