[0.000000] (-) TimerEvent: {}
[0.000448] (my_pkg) JobQueued: {'identifier': 'my_pkg', 'dependencies': OrderedDict()}
[0.000527] (publisher_node) JobQueued: {'identifier': 'publisher_node', 'dependencies': OrderedDict()}
[0.000605] (subscriber_node) JobQueued: {'identifier': 'subscriber_node', 'dependencies': OrderedDict()}
[0.000672] (my_pkg) JobStarted: {'identifier': 'my_pkg'}
[0.006727] (publisher_node) JobStarted: {'identifier': 'publisher_node'}
[0.013913] (subscriber_node) JobStarted: {'identifier': 'subscriber_node'}
[0.098745] (-) TimerEvent: {}
[0.199962] (-) TimerEvent: {}
[0.300947] (-) TimerEvent: {}
[0.409153] (-) TimerEvent: {}
[0.510318] (-) TimerEvent: {}
[0.610966] (-) TimerEvent: {}
[0.713451] (-) TimerEvent: {}
[0.784039] (publisher_node) Command: {'cmd': ['/usr/bin/python3', '-W', 'ignore:setup.py install is deprecated', '-W', 'ignore:easy_install command is deprecated', 'setup.py', 'egg_info', '--egg-base', '../build/publisher_node', 'build', '--build-base', '/home/ubuntu/ros2_ws/src/build/publisher_node/build', 'install', '--record', '/home/ubuntu/ros2_ws/src/build/publisher_node/install.log', '--single-version-externally-managed', 'install_data'], 'cwd': '/home/ubuntu/ros2_ws/src/publisher_node', 'env': {'USER': 'ubuntu', 'HOSTNAME': '8b4faaf0a0d3', 'SHLVL': '1', 'LD_LIBRARY_PATH': '/opt/ros/humble/opt/rviz_ogre_vendor/lib:/opt/ros/humble/lib/aarch64-linux-gnu:/opt/ros/humble/lib', 'HOME': '/home/ubuntu', 'OLDPWD': '/home/ubuntu/ros2_ws/src/subscriber_node', 'ROS_PYTHON_VERSION': '3', 'LC_CTYPE': 'C.UTF-8', 'COLCON_PREFIX_PATH': '/home/ubuntu/ros2_ws/src/install', 'ROS_DISTRO': 'humble', '_': '/usr/bin/colcon', 'ROS_VERSION': '2', 'TERM': 'xterm', 'ROS_LOCALHOST_ONLY': '0', 'PATH': '/opt/ros/humble/bin:/usr/local/sbin:/usr/local/bin:/usr/sbin:/usr/bin:/sbin:/bin', 'DISPLAY': ':1', 'AMENT_PREFIX_PATH': '/home/ubuntu/ros2_ws/src/install/subscriber_node:/home/ubuntu/ros2_ws/src/install/publisher_node:/home/ubuntu/ros2_ws/src/install/my_pkg:/opt/ros/humble', 'PASSWD': 'ubuntu', 'PWD': '/home/ubuntu/ros2_ws/src/build/publisher_node', 'PYTHONPATH': '/home/ubuntu/ros2_ws/src/build/publisher_node/prefix_override:/usr/lib/python3/dist-packages/colcon_core/task/python/colcon_distutils_commands:/home/ubuntu/ros2_ws/src/install/publisher_node/lib/python3.10/site-packages:/home/ubuntu/ros2_ws/src/install/subscriber_node/lib/python3.10/site-packages:/home/ubuntu/ros2_ws/src/install/publisher_node/lib/python3.10/site-packages:/home/ubuntu/ros2_ws/src/install/my_pkg/lib/python3.10/site-packages:/opt/ros/humble/lib/python3.10/site-packages:/opt/ros/humble/local/lib/python3.10/dist-packages', 'COLCON': '1'}, 'shell': False}
[0.802998] (my_pkg) Command: {'cmd': ['/usr/bin/python3', '-W', 'ignore:setup.py install is deprecated', '-W', 'ignore:easy_install command is deprecated', 'setup.py', 'egg_info', '--egg-base', '../build/my_pkg', 'build', '--build-base', '/home/ubuntu/ros2_ws/src/build/my_pkg/build', 'install', '--record', '/home/ubuntu/ros2_ws/src/build/my_pkg/install.log', '--single-version-externally-managed', 'install_data'], 'cwd': '/home/ubuntu/ros2_ws/src/my_pkg', 'env': {'USER': 'ubuntu', 'HOSTNAME': '8b4faaf0a0d3', 'SHLVL': '1', 'LD_LIBRARY_PATH': '/opt/ros/humble/opt/rviz_ogre_vendor/lib:/opt/ros/humble/lib/aarch64-linux-gnu:/opt/ros/humble/lib', 'HOME': '/home/ubuntu', 'OLDPWD': '/home/ubuntu/ros2_ws/src/subscriber_node', 'ROS_PYTHON_VERSION': '3', 'LC_CTYPE': 'C.UTF-8', 'COLCON_PREFIX_PATH': '/home/ubuntu/ros2_ws/src/install', 'ROS_DISTRO': 'humble', '_': '/usr/bin/colcon', 'ROS_VERSION': '2', 'TERM': 'xterm', 'ROS_LOCALHOST_ONLY': '0', 'PATH': '/opt/ros/humble/bin:/usr/local/sbin:/usr/local/bin:/usr/sbin:/usr/bin:/sbin:/bin', 'DISPLAY': ':1', 'AMENT_PREFIX_PATH': '/home/ubuntu/ros2_ws/src/install/subscriber_node:/home/ubuntu/ros2_ws/src/install/publisher_node:/home/ubuntu/ros2_ws/src/install/my_pkg:/opt/ros/humble', 'PASSWD': 'ubuntu', 'PWD': '/home/ubuntu/ros2_ws/src/build/my_pkg', 'PYTHONPATH': '/home/ubuntu/ros2_ws/src/build/my_pkg/prefix_override:/usr/lib/python3/dist-packages/colcon_core/task/python/colcon_distutils_commands:/home/ubuntu/ros2_ws/src/install/my_pkg/lib/python3.10/site-packages:/home/ubuntu/ros2_ws/src/install/subscriber_node/lib/python3.10/site-packages:/home/ubuntu/ros2_ws/src/install/publisher_node/lib/python3.10/site-packages:/home/ubuntu/ros2_ws/src/install/my_pkg/lib/python3.10/site-packages:/opt/ros/humble/lib/python3.10/site-packages:/opt/ros/humble/local/lib/python3.10/dist-packages', 'COLCON': '1'}, 'shell': False}
[0.811042] (subscriber_node) Command: {'cmd': ['/usr/bin/python3', '-W', 'ignore:setup.py install is deprecated', '-W', 'ignore:easy_install command is deprecated', 'setup.py', 'egg_info', '--egg-base', '../build/subscriber_node', 'build', '--build-base', '/home/ubuntu/ros2_ws/src/build/subscriber_node/build', 'install', '--record', '/home/ubuntu/ros2_ws/src/build/subscriber_node/install.log', '--single-version-externally-managed', 'install_data'], 'cwd': '/home/ubuntu/ros2_ws/src/subscriber_node', 'env': {'USER': 'ubuntu', 'HOSTNAME': '8b4faaf0a0d3', 'SHLVL': '1', 'LD_LIBRARY_PATH': '/opt/ros/humble/opt/rviz_ogre_vendor/lib:/opt/ros/humble/lib/aarch64-linux-gnu:/opt/ros/humble/lib', 'HOME': '/home/ubuntu', 'OLDPWD': '/home/ubuntu/ros2_ws/src/subscriber_node', 'ROS_PYTHON_VERSION': '3', 'LC_CTYPE': 'C.UTF-8', 'COLCON_PREFIX_PATH': '/home/ubuntu/ros2_ws/src/install', 'ROS_DISTRO': 'humble', '_': '/usr/bin/colcon', 'ROS_VERSION': '2', 'TERM': 'xterm', 'ROS_LOCALHOST_ONLY': '0', 'PATH': '/opt/ros/humble/bin:/usr/local/sbin:/usr/local/bin:/usr/sbin:/usr/bin:/sbin:/bin', 'DISPLAY': ':1', 'AMENT_PREFIX_PATH': '/home/ubuntu/ros2_ws/src/install/subscriber_node:/home/ubuntu/ros2_ws/src/install/publisher_node:/home/ubuntu/ros2_ws/src/install/my_pkg:/opt/ros/humble', 'PASSWD': 'ubuntu', 'PWD': '/home/ubuntu/ros2_ws/src/build/subscriber_node', 'PYTHONPATH': '/home/ubuntu/ros2_ws/src/build/subscriber_node/prefix_override:/usr/lib/python3/dist-packages/colcon_core/task/python/colcon_distutils_commands:/home/ubuntu/ros2_ws/src/install/subscriber_node/lib/python3.10/site-packages:/home/ubuntu/ros2_ws/src/install/subscriber_node/lib/python3.10/site-packages:/home/ubuntu/ros2_ws/src/install/publisher_node/lib/python3.10/site-packages:/home/ubuntu/ros2_ws/src/install/my_pkg/lib/python3.10/site-packages:/opt/ros/humble/lib/python3.10/site-packages:/opt/ros/humble/local/lib/python3.10/dist-packages', 'COLCON': '1'}, 'shell': False}
[0.821176] (-) TimerEvent: {}
[0.923952] (-) TimerEvent: {}
[0.966006] (my_pkg) StdoutLine: {'line': b'running egg_info\n'}
[0.969136] (my_pkg) StdoutLine: {'line': b'writing ../build/my_pkg/my_pkg.egg-info/PKG-INFO\n'}
[0.974015] (publisher_node) StdoutLine: {'line': b'running egg_info\n'}
[0.975407] (publisher_node) StdoutLine: {'line': b'writing ../build/publisher_node/publisher_node.egg-info/PKG-INFO\n'}
[0.976127] (my_pkg) StdoutLine: {'line': b'writing dependency_links to ../build/my_pkg/my_pkg.egg-info/dependency_links.txt\n'}
[0.976784] (publisher_node) StdoutLine: {'line': b'writing dependency_links to ../build/publisher_node/publisher_node.egg-info/dependency_links.txt\n'}
[0.977089] (my_pkg) StdoutLine: {'line': b'writing entry points to ../build/my_pkg/my_pkg.egg-info/entry_points.txt\n'}
[0.977638] (publisher_node) StdoutLine: {'line': b'writing entry points to ../build/publisher_node/publisher_node.egg-info/entry_points.txt\n'}
[0.978887] (my_pkg) StdoutLine: {'line': b'writing requirements to ../build/my_pkg/my_pkg.egg-info/requires.txt\n'}
[0.979797] (my_pkg) StdoutLine: {'line': b'writing top-level names to ../build/my_pkg/my_pkg.egg-info/top_level.txt\n'}
[0.980443] (publisher_node) StdoutLine: {'line': b'writing requirements to ../build/publisher_node/publisher_node.egg-info/requires.txt\n'}
[0.981170] (publisher_node) StdoutLine: {'line': b'writing top-level names to ../build/publisher_node/publisher_node.egg-info/top_level.txt\n'}
[0.982757] (my_pkg) StdoutLine: {'line': b"reading manifest file '../build/my_pkg/my_pkg.egg-info/SOURCES.txt'\n"}
[0.986215] (publisher_node) StdoutLine: {'line': b"reading manifest file '../build/publisher_node/publisher_node.egg-info/SOURCES.txt'\n"}
[0.987823] (my_pkg) StdoutLine: {'line': b"writing manifest file '../build/my_pkg/my_pkg.egg-info/SOURCES.txt'\n"}
[0.989216] (my_pkg) StdoutLine: {'line': b'running build\n'}
[0.990126] (my_pkg) StdoutLine: {'line': b'running build_py\n'}
[0.990612] (my_pkg) StdoutLine: {'line': b'running install\n'}
[0.991623] (my_pkg) StdoutLine: {'line': b'running install_lib\n'}
[0.992428] (publisher_node) StdoutLine: {'line': b"writing manifest file '../build/publisher_node/publisher_node.egg-info/SOURCES.txt'\n"}
[0.992989] (publisher_node) StdoutLine: {'line': b'running build\n'}
[0.993436] (publisher_node) StdoutLine: {'line': b'running build_py\n'}
[0.994038] (publisher_node) StdoutLine: {'line': b'copying publisher_node/my_publisher_node.py -> /home/ubuntu/ros2_ws/src/build/publisher_node/build/lib/publisher_node\n'}
[0.994467] (my_pkg) StdoutLine: {'line': b'running install_data\n'}
[0.995213] (my_pkg) StdoutLine: {'line': b'running install_egg_info\n'}
[0.995795] (subscriber_node) StdoutLine: {'line': b'running egg_info\n'}
[0.996689] (publisher_node) StdoutLine: {'line': b'running install\n'}
[0.997144] (subscriber_node) StdoutLine: {'line': b'writing ../build/subscriber_node/subscriber_node.egg-info/PKG-INFO\n'}
[0.998156] (publisher_node) StdoutLine: {'line': b'running install_lib\n'}
[0.998521] (subscriber_node) StdoutLine: {'line': b'writing dependency_links to ../build/subscriber_node/subscriber_node.egg-info/dependency_links.txt\n'}
[0.999012] (my_pkg) StdoutLine: {'line': b"removing '/home/ubuntu/ros2_ws/src/install/my_pkg/lib/python3.10/site-packages/my_pkg-0.0.0-py3.10.egg-info' (and everything under it)\n"}
[0.999742] (subscriber_node) StdoutLine: {'line': b'writing entry points to ../build/subscriber_node/subscriber_node.egg-info/entry_points.txt\n'}
[1.000197] (publisher_node) StdoutLine: {'line': b'copying /home/ubuntu/ros2_ws/src/build/publisher_node/build/lib/publisher_node/my_publisher_node.py -> /home/ubuntu/ros2_ws/src/install/publisher_node/lib/python3.10/site-packages/publisher_node\n'}
[1.001123] (subscriber_node) StdoutLine: {'line': b'writing requirements to ../build/subscriber_node/subscriber_node.egg-info/requires.txt\n'}
[1.001551] (subscriber_node) StdoutLine: {'line': b'writing top-level names to ../build/subscriber_node/subscriber_node.egg-info/top_level.txt\n'}
[1.001929] (my_pkg) StdoutLine: {'line': b'Copying ../build/my_pkg/my_pkg.egg-info to /home/ubuntu/ros2_ws/src/install/my_pkg/lib/python3.10/site-packages/my_pkg-0.0.0-py3.10.egg-info\n'}
[1.003394] (publisher_node) StdoutLine: {'line': b'byte-compiling /home/ubuntu/ros2_ws/src/install/publisher_node/lib/python3.10/site-packages/publisher_node/my_publisher_node.py to my_publisher_node.cpython-310.pyc\n'}
[1.006068] (publisher_node) StdoutLine: {'line': b'running install_data\n'}
[1.007128] (publisher_node) StdoutLine: {'line': b'running install_egg_info\n'}
[1.007462] (subscriber_node) StdoutLine: {'line': b"reading manifest file '../build/subscriber_node/subscriber_node.egg-info/SOURCES.txt'\n"}
[1.008831] (publisher_node) StdoutLine: {'line': b"removing '/home/ubuntu/ros2_ws/src/install/publisher_node/lib/python3.10/site-packages/publisher_node-0.0.0-py3.10.egg-info' (and everything under it)\n"}
[1.009608] (subscriber_node) StdoutLine: {'line': b"writing manifest file '../build/subscriber_node/subscriber_node.egg-info/SOURCES.txt'\n"}
[1.010328] (subscriber_node) StdoutLine: {'line': b'running build\n'}
[1.011128] (subscriber_node) StdoutLine: {'line': b'running build_py\n'}
[1.011906] (subscriber_node) StdoutLine: {'line': b'copying subscriber_node/subscriber_node.py -> /home/ubuntu/ros2_ws/src/build/subscriber_node/build/lib/subscriber_node\n'}
[1.012858] (publisher_node) StdoutLine: {'line': b'Copying ../build/publisher_node/publisher_node.egg-info to /home/ubuntu/ros2_ws/src/install/publisher_node/lib/python3.10/site-packages/publisher_node-0.0.0-py3.10.egg-info\n'}
[1.014150] (subscriber_node) StdoutLine: {'line': b'running install\n'}
[1.015219] (subscriber_node) StdoutLine: {'line': b'running install_lib\n'}
[1.016236] (subscriber_node) StdoutLine: {'line': b'copying /home/ubuntu/ros2_ws/src/build/subscriber_node/build/lib/subscriber_node/subscriber_node.py -> /home/ubuntu/ros2_ws/src/install/subscriber_node/lib/python3.10/site-packages/subscriber_node\n'}
[1.019810] (subscriber_node) StdoutLine: {'line': b'byte-compiling /home/ubuntu/ros2_ws/src/install/subscriber_node/lib/python3.10/site-packages/subscriber_node/subscriber_node.py to subscriber_node.cpython-310.pyc\n'}
[1.020962] (my_pkg) StdoutLine: {'line': b'running install_scripts\n'}
[1.022577] (subscriber_node) StdoutLine: {'line': b'running install_data\n'}
[1.023121] (subscriber_node) StdoutLine: {'line': b'running install_egg_info\n'}
[1.024931] (subscriber_node) StdoutLine: {'line': b"removing '/home/ubuntu/ros2_ws/src/install/subscriber_node/lib/python3.10/site-packages/subscriber_node-0.0.0-py3.10.egg-info' (and everything under it)\n"}
[1.025445] (-) TimerEvent: {}
[1.027445] (publisher_node) StdoutLine: {'line': b'running install_scripts\n'}
[1.035211] (subscriber_node) StdoutLine: {'line': b'Copying ../build/subscriber_node/subscriber_node.egg-info to /home/ubuntu/ros2_ws/src/install/subscriber_node/lib/python3.10/site-packages/subscriber_node-0.0.0-py3.10.egg-info\n'}
[1.040660] (my_pkg) StdoutLine: {'line': b'Installing my_node script to /home/ubuntu/ros2_ws/src/install/my_pkg/lib/my_pkg\n'}
[1.042606] (my_pkg) StdoutLine: {'line': b"writing list of installed files to '/home/ubuntu/ros2_ws/src/build/my_pkg/install.log'\n"}
[1.058952] (publisher_node) StdoutLine: {'line': b"writing list of installed files to '/home/ubuntu/ros2_ws/src/build/publisher_node/install.log'\n"}
[1.063179] (my_pkg) CommandEnded: {'returncode': 0}
[1.065316] (subscriber_node) StdoutLine: {'line': b'running install_scripts\n'}
[1.079568] (subscriber_node) StdoutLine: {'line': b"writing list of installed files to '/home/ubuntu/ros2_ws/src/build/subscriber_node/install.log'\n"}
[1.087450] (my_pkg) JobEnded: {'identifier': 'my_pkg', 'rc': 0}
[1.089747] (publisher_node) CommandEnded: {'returncode': 0}
[1.098342] (publisher_node) JobEnded: {'identifier': 'publisher_node', 'rc': 0}
[1.099817] (subscriber_node) CommandEnded: {'returncode': 0}
[1.107785] (subscriber_node) JobEnded: {'identifier': 'subscriber_node', 'rc': 0}
[1.108725] (-) EventReactorShutdown: {}
