[0.810s] Invoking command in '/home/ubuntu/ros2_ws/src/my_pkg': PYTHONPATH=/home/ubuntu/ros2_ws/src/build/my_pkg/prefix_override:/usr/lib/python3/dist-packages/colcon_core/task/python/colcon_distutils_commands:/home/ubuntu/ros2_ws/src/install/my_pkg/lib/python3.10/site-packages:${PYTHONPATH} /usr/bin/python3 -W ignore:setup.py install is deprecated -W ignore:easy_install command is deprecated setup.py egg_info --egg-base ../build/my_pkg build --build-base /home/ubuntu/ros2_ws/src/build/my_pkg/build install --record /home/ubuntu/ros2_ws/src/build/my_pkg/install.log --single-version-externally-managed install_data
[1.067s] running egg_info
[1.069s] writing ../build/my_pkg/my_pkg.egg-info/PKG-INFO
[1.072s] writing dependency_links to ../build/my_pkg/my_pkg.egg-info/dependency_links.txt
[1.074s] writing entry points to ../build/my_pkg/my_pkg.egg-info/entry_points.txt
[1.076s] writing requirements to ../build/my_pkg/my_pkg.egg-info/requires.txt
[1.077s] writing top-level names to ../build/my_pkg/my_pkg.egg-info/top_level.txt
[1.082s] reading manifest file '../build/my_pkg/my_pkg.egg-info/SOURCES.txt'
[1.082s] writing manifest file '../build/my_pkg/my_pkg.egg-info/SOURCES.txt'
[1.083s] running build
[1.083s] running build_py
[1.084s] running install
[1.085s] running install_lib
[1.089s] running install_data
[1.106s] copying package.xml -> /home/ubuntu/ros2_ws/src/install/my_pkg/share/my_pkg
[1.107s] running install_egg_info
[1.114s] removing '/home/ubuntu/ros2_ws/src/install/my_pkg/lib/python3.10/site-packages/my_pkg-0.0.0-py3.10.egg-info' (and everything under it)
[1.115s] Copying ../build/my_pkg/my_pkg.egg-info to /home/ubuntu/ros2_ws/src/install/my_pkg/lib/python3.10/site-packages/my_pkg-0.0.0-py3.10.egg-info
[1.150s] running install_scripts
[1.205s] Installing my_node script to /home/ubuntu/ros2_ws/src/install/my_pkg/lib/my_pkg
[1.206s] writing list of installed files to '/home/ubuntu/ros2_ws/src/build/my_pkg/install.log'
[1.236s] Invoked command in '/home/ubuntu/ros2_ws/src/my_pkg' returned '0': PYTHONPATH=/home/ubuntu/ros2_ws/src/build/my_pkg/prefix_override:/usr/lib/python3/dist-packages/colcon_core/task/python/colcon_distutils_commands:/home/ubuntu/ros2_ws/src/install/my_pkg/lib/python3.10/site-packages:${PYTHONPATH} /usr/bin/python3 -W ignore:setup.py install is deprecated -W ignore:easy_install command is deprecated setup.py egg_info --egg-base ../build/my_pkg build --build-base /home/ubuntu/ros2_ws/src/build/my_pkg/build install --record /home/ubuntu/ros2_ws/src/build/my_pkg/install.log --single-version-externally-managed install_data
