[0.503s] Invoking command in '/home/ubuntu/ros2_ws/src/my_pkg': PYTHONPATH=/home/ubuntu/ros2_ws/src/build/my_pkg/prefix_override:/usr/lib/python3/dist-packages/colcon_core/task/python/colcon_distutils_commands:/home/ubuntu/ros2_ws/src/install/my_pkg/lib/python3.10/site-packages:${PYTHONPATH} /usr/bin/python3 -W ignore:setup.py install is deprecated -W ignore:easy_install command is deprecated setup.py egg_info --egg-base ../build/my_pkg build --build-base /home/ubuntu/ros2_ws/src/build/my_pkg/build install --record /home/ubuntu/ros2_ws/src/build/my_pkg/install.log --single-version-externally-managed install_data
[0.661s] running egg_info
[0.662s] writing ../build/my_pkg/my_pkg.egg-info/PKG-INFO
[0.667s] writing dependency_links to ../build/my_pkg/my_pkg.egg-info/dependency_links.txt
[0.669s] writing entry points to ../build/my_pkg/my_pkg.egg-info/entry_points.txt
[0.670s] writing requirements to ../build/my_pkg/my_pkg.egg-info/requires.txt
[0.671s] writing top-level names to ../build/my_pkg/my_pkg.egg-info/top_level.txt
[0.675s] reading manifest file '../build/my_pkg/my_pkg.egg-info/SOURCES.txt'
[0.676s] writing manifest file '../build/my_pkg/my_pkg.egg-info/SOURCES.txt'
[0.677s] running build
[0.677s] running build_py
[0.678s] running install
[0.679s] running install_lib
[0.681s] running install_data
[0.681s] running install_egg_info
[0.683s] removing '/home/ubuntu/ros2_ws/src/install/my_pkg/lib/python3.10/site-packages/my_pkg-0.0.0-py3.10.egg-info' (and everything under it)
[0.685s] Copying ../build/my_pkg/my_pkg.egg-info to /home/ubuntu/ros2_ws/src/install/my_pkg/lib/python3.10/site-packages/my_pkg-0.0.0-py3.10.egg-info
[0.700s] running install_scripts
[0.717s] Installing my_node script to /home/ubuntu/ros2_ws/src/install/my_pkg/lib/my_pkg
[0.719s] writing list of installed files to '/home/ubuntu/ros2_ws/src/build/my_pkg/install.log'
[0.737s] Invoked command in '/home/ubuntu/ros2_ws/src/my_pkg' returned '0': PYTHONPATH=/home/ubuntu/ros2_ws/src/build/my_pkg/prefix_override:/usr/lib/python3/dist-packages/colcon_core/task/python/colcon_distutils_commands:/home/ubuntu/ros2_ws/src/install/my_pkg/lib/python3.10/site-packages:${PYTHONPATH} /usr/bin/python3 -W ignore:setup.py install is deprecated -W ignore:easy_install command is deprecated setup.py egg_info --egg-base ../build/my_pkg build --build-base /home/ubuntu/ros2_ws/src/build/my_pkg/build install --record /home/ubuntu/ros2_ws/src/build/my_pkg/install.log --single-version-externally-managed install_data
